1.2070 	WARNING 	We strongly recommend you activate the PTB sound engine in PsychoPy prefs as the preferred audio engine. Its timing is vastly superior. Your prefs are currently set to use ['sounddevice', 'PTB', 'pyo', 'pygame'] (in that order).
8.4679 	WARNING 	User requested fullscreen with size [1536  864], but screen is actually [1920, 1080]. Using actual size
9.9394 	EXP 	Created window1 = Window(allowGUI=False, allowStencil=False, autoLog=True, backendConf=UNKNOWN, bitsMode=UNKNOWN, blendMode='avg', bpc=(8, 8, 8), color=array([0, 0, 0]), colorSpace='rgb', depthBits=8, fullscr=<method-wrapper '__getattribute__' of attributeSetter object at 0x0000021756F622E8>, gamma=None, gammaErrorPolicy='raise', lms=UNKNOWN, monitor=<psychopy.monitors.calibTools.Monitor object at 0x0000021756CC8198>, multiSample=False, name='window1', numSamples=2, pos=[0.0, 0.0], screen=0, size=array([1920, 1080]), stencilBits=0, stereo=False, units='height', useFBO=True, useRetina=False, viewOri=0.0, viewPos=None, viewScale=None, waitBlanking=True, winType='pyglet')
9.9401 	EXP 	window1: mouseVisible = True
9.9402 	EXP 	window1: recordFrameIntervals = False
10.1041 	EXP 	window1: recordFrameIntervals = True
10.2880 	EXP 	window1: recordFrameIntervals = False
10.6474 	EXP 	Created Cue = ImageStim(__class__=<class 'psychopy.visual.image.ImageStim'>, autoLog=True, color=array([1., 1., 1.]), colorSpace='rgb', contrast=1.0, depth=0.0, flipHoriz=False, flipVert=False, image='Task samples/cue.png', interpolate=True, mask=None, maskParams=None, name='Cue', opacity=1, ori=0.0, pos=array([0., 0.]), size=array([0.8, 0.7]), texRes=128.0, units='height', win=Window(...))
10.8425 	EXP 	Created instructions = TextStim(__class__=<class 'psychopy.visual.text.TextStim'>, alignHoriz=method-wrapper(...), alignText='center', alignVert=method-wrapper(...), anchorHoriz='center', anchorVert='center', antialias=True, autoLog=True, bold=False, color=array([1., 1., 1.]), colorSpace='rgb', contrast=1.0, depth=-1.0, flipHoriz=False, flipVert=False, font='Open Sans', fontFiles=[], height=0.07, italic=False, languageStyle='LTR', name='instructions', opacity=1, ori=0.0, pos=array([0., 0.]), rgb=UNKNOWN, text=str(...), units='height', win=Window(...), wrapWidth=1)
10.9082 	EXP 	Created Fixation1 = ImageStim(__class__=<class 'psychopy.visual.image.ImageStim'>, autoLog=True, color=array([1., 1., 1.]), colorSpace='rgb', contrast=1.0, depth=0.0, flipHoriz=False, flipVert=False, image='Task samples/Fixation.png', interpolate=True, mask=None, maskParams=None, name='Fixation1', opacity=1, ori=0.0, pos=array([0., 0.]), size=array([0.8, 0.7]), texRes=128.0, units='height', win=Window(...))
10.9103 	EXP 	Created Trial1 = ImageStim(__class__=<class 'psychopy.visual.image.ImageStim'>, autoLog=True, color=array([1., 1., 1.]), colorSpace='rgb', contrast=1.0, depth=-1.0, flipHoriz=False, flipVert=False, image='sin', interpolate=True, mask=None, maskParams=None, name='Trial1', opacity=1, ori=0.0, pos=array([0., 0.]), size=array([0.8, 0.7]), texRes=128.0, units='height', win=Window(...))
10.9494 	EXP 	Cue: autoDraw = True
11.9004 	EXP 	instructions: autoDraw = True
11.9503 	EXP 	Cue: autoDraw = False
17.9132 	EXP 	Imported task_conditions.xlsx as conditions, 29 conditions, 2 params
17.9136 	EXP 	Created sequence: random, trialTypes=29, nReps=1, seed=None
17.9138 	EXP 	New trial (rep=0, index=0): {'images': 'Task samples\\相同颜色及边数6.png', 'correctAns': 1}
17.9475 	EXP 	instructions: autoDraw = False
17.9475 	EXP 	Cue: autoDraw = False
17.9475 	EXP 	instructions: autoDraw = False
17.9475 	EXP 	Trial1: image = 'Task samples\\相同颜色及边数6.png'
17.9475 	EXP 	Fixation1: autoDraw = True
18.9323 	EXP 	Trial1: autoDraw = True
18.9491 	EXP 	Fixation1: autoDraw = False
21.4062 	EXP 	New trial (rep=0, index=1): {'images': 'Task samples\\相同颜色及边数9.png', 'correctAns': 1}
21.4249 	DATA 	Keypress: 2
21.4381 	EXP 	Fixation1: autoDraw = False
21.4381 	EXP 	Trial1: autoDraw = False
21.4381 	EXP 	Trial1: image = 'Task samples\\相同颜色及边数9.png'
21.4381 	EXP 	Fixation1: autoDraw = True
22.4230 	EXP 	Trial1: autoDraw = True
22.4397 	EXP 	Fixation1: autoDraw = False
28.6489 	EXP 	New trial (rep=0, index=2): {'images': 'Task samples\\相同颜色及边数8.png', 'correctAns': 1}
28.6673 	DATA 	Keypress: 1
28.6826 	EXP 	Fixation1: autoDraw = False
28.6826 	EXP 	Trial1: autoDraw = False
28.6826 	EXP 	Trial1: image = 'Task samples\\相同颜色及边数8.png'
28.6826 	EXP 	Fixation1: autoDraw = True
29.6870 	EXP 	Trial1: autoDraw = True
29.7037 	EXP 	Fixation1: autoDraw = False
36.3807 	EXP 	New trial (rep=0, index=3): {'images': 'Task samples\\相同颜色及位置8.png', 'correctAns': 2}
36.3990 	DATA 	Keypress: 1
36.4140 	EXP 	Fixation1: autoDraw = False
36.4140 	EXP 	Trial1: autoDraw = False
36.4140 	EXP 	Trial1: image = 'Task samples\\相同颜色及位置8.png'
36.4140 	EXP 	Fixation1: autoDraw = True
37.4005 	EXP 	Trial1: autoDraw = True
37.4174 	EXP 	Fixation1: autoDraw = False
42.0932 	EXP 	New trial (rep=0, index=4): {'images': 'Task samples\\相同位置及边数7.png', 'correctAns': 1}
42.1124 	DATA 	Keypress: 2
42.1266 	EXP 	Fixation1: autoDraw = False
42.1266 	EXP 	Trial1: autoDraw = False
42.1266 	EXP 	Trial1: image = 'Task samples\\相同位置及边数7.png'
42.1266 	EXP 	Fixation1: autoDraw = True
43.1308 	EXP 	Trial1: autoDraw = True
43.1475 	EXP 	Fixation1: autoDraw = False
51.1380 	EXP 	Trial1: autoDraw = False
51.1406 	EXP 	New trial (rep=0, index=5): {'images': 'Task samples\\相同位置及边数1.png', 'correctAns': 1}
51.1763 	EXP 	Fixation1: autoDraw = False
51.1763 	EXP 	Trial1: autoDraw = False
51.1763 	EXP 	Trial1: image = 'Task samples\\相同位置及边数1.png'
51.1763 	EXP 	Fixation1: autoDraw = True
52.1637 	EXP 	Trial1: autoDraw = True
52.1813 	EXP 	Fixation1: autoDraw = False
60.1718 	EXP 	Trial1: autoDraw = False
60.1751 	EXP 	New trial (rep=0, index=6): {'images': 'Task samples\\相同颜色及位置10.png', 'correctAns': 2}
60.2094 	EXP 	Fixation1: autoDraw = False
60.2094 	EXP 	Trial1: autoDraw = False
60.2094 	EXP 	Trial1: image = 'Task samples\\相同颜色及位置10.png'
60.2094 	EXP 	Fixation1: autoDraw = True
61.1966 	EXP 	Trial1: autoDraw = True
61.2135 	EXP 	Fixation1: autoDraw = False
65.0248 	EXP 	New trial (rep=0, index=7): {'images': 'Task samples\\相同颜色及位置6.png', 'correctAns': 2}
65.0494 	DATA 	Keypress: 2
65.0546 	EXP 	Fixation1: autoDraw = False
65.0546 	EXP 	Trial1: autoDraw = False
65.0546 	EXP 	Trial1: image = 'Task samples\\相同颜色及位置6.png'
65.0546 	EXP 	Fixation1: autoDraw = True
66.0761 	EXP 	Fixation1: autoDraw = False
66.0761 	EXP 	Trial1: autoDraw = True
69.8874 	EXP 	New trial (rep=0, index=8): {'images': 'Task samples\\相同位置及边数3.png', 'correctAns': 2}
69.9129 	DATA 	Keypress: 2
69.9173 	EXP 	Fixation1: autoDraw = False
69.9173 	EXP 	Trial1: autoDraw = False
69.9173 	EXP 	Trial1: image = 'Task samples\\相同位置及边数3.png'
69.9173 	EXP 	Fixation1: autoDraw = True
70.9187 	EXP 	Fixation1: autoDraw = False
70.9187 	EXP 	Trial1: autoDraw = True
78.9259 	EXP 	Trial1: autoDraw = False
78.9307 	EXP 	New trial (rep=0, index=9): {'images': 'Task samples\\相同颜色及位置9.png', 'correctAns': 1}
78.9628 	EXP 	Fixation1: autoDraw = False
78.9628 	EXP 	Trial1: autoDraw = False
78.9628 	EXP 	Trial1: image = 'Task samples\\相同颜色及位置9.png'
78.9628 	EXP 	Fixation1: autoDraw = True
79.9657 	EXP 	Fixation1: autoDraw = False
79.9657 	EXP 	Trial1: autoDraw = True
84.2406 	DATA 	Keypress: 1
84.2576 	EXP 	New trial (rep=0, index=10): {'images': 'Task samples\\相同颜色及位置7.png', 'correctAns': 1}
84.2916 	EXP 	Fixation1: autoDraw = False
84.2916 	EXP 	Trial1: autoDraw = False
84.2916 	EXP 	Trial1: image = 'Task samples\\相同颜色及位置7.png'
84.2916 	EXP 	Fixation1: autoDraw = True
85.2786 	EXP 	Trial1: autoDraw = True
85.2955 	EXP 	Fixation1: autoDraw = False
89.4371 	EXP 	New trial (rep=0, index=11): {'images': 'Task samples\\相同颜色及边数10.png', 'correctAns': 2}
89.4552 	DATA 	Keypress: 1
89.4709 	EXP 	Fixation1: autoDraw = False
89.4709 	EXP 	Trial1: autoDraw = False
89.4709 	EXP 	Trial1: image = 'Task samples\\相同颜色及边数10.png'
89.4709 	EXP 	Fixation1: autoDraw = True
90.4576 	EXP 	Trial1: autoDraw = True
90.4746 	EXP 	Fixation1: autoDraw = False
94.6665 	EXP 	New trial (rep=0, index=12): {'images': 'Task samples\\相同颜色及边数4.png', 'correctAns': 2}
94.6858 	DATA 	Keypress: 2
94.7001 	EXP 	Fixation1: autoDraw = False
94.7001 	EXP 	Trial1: autoDraw = False
94.7001 	EXP 	Trial1: image = 'Task samples\\相同颜色及边数4.png'
94.7001 	EXP 	Fixation1: autoDraw = True
95.6872 	EXP 	Trial1: autoDraw = True
95.7042 	EXP 	Fixation1: autoDraw = False
99.3987 	EXP 	New trial (rep=0, index=13): {'images': 'Task samples\\相同颜色及位置4.png', 'correctAns': 1}
99.4243 	DATA 	Keypress: 2
99.4284 	EXP 	Fixation1: autoDraw = False
99.4284 	EXP 	Trial1: autoDraw = False
99.4284 	EXP 	Trial1: image = 'Task samples\\相同颜色及位置4.png'
99.4284 	EXP 	Fixation1: autoDraw = True
100.4324 	EXP 	Fixation1: autoDraw = False
100.4324 	EXP 	Trial1: autoDraw = True
103.4727 	EXP 	New trial (rep=0, index=14): {'images': 'Task samples\\相同颜色及边数3.png', 'correctAns': 2}
103.4917 	DATA 	Keypress: 1
103.5062 	EXP 	Fixation1: autoDraw = False
103.5062 	EXP 	Trial1: autoDraw = False
103.5062 	EXP 	Trial1: image = 'Task samples\\相同颜色及边数3.png'
103.5062 	EXP 	Fixation1: autoDraw = True
104.5111 	EXP 	Trial1: autoDraw = True
104.5286 	EXP 	Fixation1: autoDraw = False
112.5191 	EXP 	Trial1: autoDraw = False
112.5238 	EXP 	New trial (rep=0, index=15): {'images': 'Task samples\\相同颜色及位置2.png', 'correctAns': 2}
112.5568 	EXP 	Fixation1: autoDraw = False
112.5568 	EXP 	Trial1: autoDraw = False
112.5568 	EXP 	Trial1: image = 'Task samples\\相同颜色及位置2.png'
112.5568 	EXP 	Fixation1: autoDraw = True
112.8111 	DATA 	Keypress: 2
113.5432 	EXP 	Trial1: autoDraw = True
113.5601 	EXP 	Fixation1: autoDraw = False
115.5832 	DATA 	Keypress: 1
115.6000 	EXP 	New trial (rep=0, index=16): {'images': 'Task samples\\相同颜色及位置5.png', 'correctAns': 1}
115.6330 	EXP 	Fixation1: autoDraw = False
115.6330 	EXP 	Trial1: autoDraw = False
115.6330 	EXP 	Trial1: image = 'Task samples\\相同颜色及位置5.png'
115.6330 	EXP 	Fixation1: autoDraw = True
116.6378 	EXP 	Trial1: autoDraw = True
116.6546 	EXP 	Fixation1: autoDraw = False
117.9927 	EXP 	New trial (rep=0, index=17): {'images': 'Task samples\\相同颜色及边数2.png', 'correctAns': 1}
118.0123 	DATA 	Keypress: 1
118.0267 	EXP 	Fixation1: autoDraw = False
118.0267 	EXP 	Trial1: autoDraw = False
118.0267 	EXP 	Trial1: image = 'Task samples\\相同颜色及边数2.png'
118.0267 	EXP 	Fixation1: autoDraw = True
119.0313 	EXP 	Trial1: autoDraw = True
119.0483 	EXP 	Fixation1: autoDraw = False
126.4789 	EXP 	New trial (rep=0, index=18): {'images': 'Task samples\\相同位置及边数8.png', 'correctAns': 1}
126.4980 	DATA 	Keypress: 1
126.5100 	EXP 	Fixation1: autoDraw = False
126.5100 	EXP 	Trial1: autoDraw = False
126.5100 	EXP 	Trial1: image = 'Task samples\\相同位置及边数8.png'
126.5100 	EXP 	Fixation1: autoDraw = True
127.5140 	EXP 	Trial1: autoDraw = True
127.5308 	EXP 	Fixation1: autoDraw = False
135.5213 	EXP 	Trial1: autoDraw = False
135.5240 	EXP 	New trial (rep=0, index=19): {'images': 'Task samples\\相同位置及边数5.png', 'correctAns': 1}
135.5590 	EXP 	Fixation1: autoDraw = False
135.5590 	EXP 	Trial1: autoDraw = False
135.5590 	EXP 	Trial1: image = 'Task samples\\相同位置及边数5.png'
135.5590 	EXP 	Fixation1: autoDraw = True
136.5473 	EXP 	Trial1: autoDraw = True
136.5642 	EXP 	Fixation1: autoDraw = False
142.6077 	EXP 	New trial (rep=0, index=20): {'images': 'Task samples\\相同位置及边数2.png', 'correctAns': 1}
142.6268 	DATA 	Keypress: 1
142.6404 	EXP 	Fixation1: autoDraw = False
142.6404 	EXP 	Trial1: autoDraw = False
142.6404 	EXP 	Trial1: image = 'Task samples\\相同位置及边数2.png'
142.6404 	EXP 	Fixation1: autoDraw = True
143.6454 	EXP 	Trial1: autoDraw = True
143.6629 	EXP 	Fixation1: autoDraw = False
147.9045 	EXP 	New trial (rep=0, index=21): {'images': 'Task samples\\相同位置及边数10.png', 'correctAns': 1}
147.9247 	DATA 	Keypress: 1
147.9367 	EXP 	Fixation1: autoDraw = False
147.9367 	EXP 	Trial1: autoDraw = False
147.9367 	EXP 	Trial1: image = 'Task samples\\相同位置及边数10.png'
147.9367 	EXP 	Fixation1: autoDraw = True
148.9236 	EXP 	Trial1: autoDraw = True
148.9411 	EXP 	Fixation1: autoDraw = False
153.1480 	EXP 	New trial (rep=0, index=22): {'images': 'Task samples\\相同颜色及边数5.png', 'correctAns': 1}
153.1664 	DATA 	Keypress: 1
153.1827 	EXP 	Fixation1: autoDraw = False
153.1827 	EXP 	Trial1: autoDraw = False
153.1827 	EXP 	Trial1: image = 'Task samples\\相同颜色及边数5.png'
153.1827 	EXP 	Fixation1: autoDraw = True
154.1529 	EXP 	Trial1: autoDraw = True
154.1864 	EXP 	Fixation1: autoDraw = False
162.1602 	EXP 	Trial1: autoDraw = False
162.1626 	EXP 	New trial (rep=0, index=23): {'images': 'Task samples\\相同位置及边数4.png', 'correctAns': 1}
162.1980 	EXP 	Fixation1: autoDraw = False
162.1980 	EXP 	Trial1: autoDraw = False
162.1980 	EXP 	Trial1: image = 'Task samples\\相同位置及边数4.png'
162.1980 	EXP 	Fixation1: autoDraw = True
163.1686 	EXP 	Trial1: autoDraw = True
163.2028 	EXP 	Fixation1: autoDraw = False
167.8108 	DATA 	Keypress: escape
167.9671 	EXP 	window1: mouseVisible = True
