1.1879 	WARNING 	We strongly recommend you activate the PTB sound engine in PsychoPy prefs as the preferred audio engine. Its timing is vastly superior. Your prefs are currently set to use ['sounddevice', 'PTB', 'pyo', 'pygame'] (in that order).
5.2561 	WARNING 	User requested fullscreen with size [1536  864], but screen is actually [1920, 1080]. Using actual size
6.1428 	EXP 	Created window1 = Window(allowGUI=False, allowStencil=False, autoLog=True, backendConf=UNKNOWN, bitsMode=UNKNOWN, blendMode='avg', bpc=(8, 8, 8), color=array([0, 0, 0]), colorSpace='rgb', depthBits=8, fullscr=<method-wrapper '__getattribute__' of attributeSetter object at 0x00000290DD29FBA8>, gamma=None, gammaErrorPolicy='raise', lms=UNKNOWN, monitor=<psychopy.monitors.calibTools.Monitor object at 0x00000290DE161DD8>, multiSample=False, name='window1', numSamples=2, pos=[0.0, 0.0], screen=0, size=array([1920, 1080]), stencilBits=0, stereo=False, units='height', useFBO=True, useRetina=False, viewOri=0.0, viewPos=None, viewScale=None, waitBlanking=True, winType='pyglet')
6.1439 	EXP 	window1: mouseVisible = True
6.1440 	EXP 	window1: recordFrameIntervals = False
6.3081 	EXP 	window1: recordFrameIntervals = True
6.4913 	EXP 	window1: recordFrameIntervals = False
6.8243 	EXP 	Created Cue = ImageStim(__class__=<class 'psychopy.visual.image.ImageStim'>, autoLog=True, color=array([1., 1., 1.]), colorSpace='rgb', contrast=1.0, depth=0.0, flipHoriz=False, flipVert=False, image='Task samples/cue.png', interpolate=True, mask=None, maskParams=None, name='Cue', opacity=1, ori=0.0, pos=array([0., 0.]), size=array([0.5, 0.5]), texRes=128.0, units='height', win=Window(...))
6.8933 	EXP 	Created Fixation1 = ImageStim(__class__=<class 'psychopy.visual.image.ImageStim'>, autoLog=True, color=array([1., 1., 1.]), colorSpace='rgb', contrast=1.0, depth=0.0, flipHoriz=False, flipVert=False, image='Task samples/Fixation.png', interpolate=True, mask=None, maskParams=None, name='Fixation1', opacity=1, ori=0.0, pos=array([0., 0.]), size=array([0.5, 0.5]), texRes=128.0, units='height', win=Window(...))
6.8954 	EXP 	Created Trial1 = ImageStim(__class__=<class 'psychopy.visual.image.ImageStim'>, autoLog=True, color=array([1., 1., 1.]), colorSpace='rgb', contrast=1.0, depth=-1.0, flipHoriz=False, flipVert=False, image='sin', interpolate=True, mask=None, maskParams=None, name='Trial1', opacity=1, ori=0.0, pos=array([0., 0.]), size=array([0.5, 0.5]), texRes=128.0, units='height', win=Window(...))
6.9296 	EXP 	window1: mouseVisible = True
6.9316 	EXP 	window1: mouseVisible = True
6.9657 	EXP 	Cue: autoDraw = True
7.9536 	EXP 	Imported task_conditions.xlsx as conditions, 10 conditions, 1 params
7.9540 	EXP 	Created sequence: random, trialTypes=10, nReps=1, seed=None
7.9542 	EXP 	New trial (rep=0, index=0): {'images': 'Task samples\\相同颜色及位置7.png'}
7.9862 	EXP 	Cue: autoDraw = False
7.9862 	EXP 	Trial1: image = 'Task samples\\相同颜色及位置7.png'
7.9862 	EXP 	Fixation1: autoDraw = True
8.9703 	EXP 	Trial1: autoDraw = True
8.9870 	EXP 	Fixation1: autoDraw = False
10.3420 	DATA 	Mouse: Left button down, pos=(745,209)
10.3450 	EXP 	New trial (rep=0, index=1): {'images': 'Task samples\\相同颜色及位置9.png'}
10.3794 	EXP 	Fixation1: autoDraw = False
10.3794 	EXP 	Trial1: autoDraw = False
10.3794 	EXP 	Trial1: image = 'Task samples\\相同颜色及位置9.png'
10.3794 	EXP 	Fixation1: autoDraw = True
10.4986 	DATA 	Mouse:  Left button up, pos=(745,209)
11.3842 	EXP 	Trial1: autoDraw = True
11.4010 	EXP 	Fixation1: autoDraw = False
13.4667 	DATA 	Mouse: Left button down, pos=(1192,206)
13.4695 	EXP 	New trial (rep=0, index=2): {'images': 'Task samples\\相同颜色及位置5.png'}
13.5037 	EXP 	Fixation1: autoDraw = False
13.5037 	EXP 	Trial1: autoDraw = False
13.5037 	EXP 	Trial1: image = 'Task samples\\相同颜色及位置5.png'
13.5037 	EXP 	Fixation1: autoDraw = True
13.6725 	DATA 	Mouse:  Left button up, pos=(1192,206)
14.5086 	EXP 	Trial1: autoDraw = True
14.5260 	EXP 	Fixation1: autoDraw = False
16.1882 	DATA 	Mouse: Left button down, pos=(720,214)
16.1909 	EXP 	New trial (rep=0, index=3): {'images': 'Task samples\\相同颜色及位置3.png'}
16.2248 	EXP 	Fixation1: autoDraw = False
16.2248 	EXP 	Trial1: autoDraw = False
16.2248 	EXP 	Trial1: image = 'Task samples\\相同颜色及位置3.png'
16.2248 	EXP 	Fixation1: autoDraw = True
16.3101 	DATA 	Mouse:  Left button up, pos=(720,214)
17.2296 	EXP 	Trial1: autoDraw = True
17.2464 	EXP 	Fixation1: autoDraw = False
20.6304 	DATA 	Mouse: Left button down, pos=(1158,214)
20.6350 	EXP 	New trial (rep=0, index=4): {'images': 'Task samples\\相同颜色及位置8.png'}
20.6698 	EXP 	Fixation1: autoDraw = False
20.6698 	EXP 	Trial1: autoDraw = False
20.6698 	EXP 	Trial1: image = 'Task samples\\相同颜色及位置8.png'
20.6698 	EXP 	Fixation1: autoDraw = True
20.7408 	DATA 	Mouse:  Left button up, pos=(1158,214)
21.6748 	EXP 	Trial1: autoDraw = True
21.6913 	EXP 	Fixation1: autoDraw = False
23.1485 	DATA 	Mouse: Left button down, pos=(756,220)
23.1652 	EXP 	New trial (rep=0, index=5): {'images': 'Task samples\\相同颜色及位置1.png'}
23.1978 	EXP 	Fixation1: autoDraw = False
23.1978 	EXP 	Trial1: autoDraw = False
23.1978 	EXP 	Trial1: image = 'Task samples\\相同颜色及位置1.png'
23.1978 	EXP 	Fixation1: autoDraw = True
23.2665 	DATA 	Mouse:  Left button up, pos=(756,220)
24.2027 	EXP 	Trial1: autoDraw = True
24.2196 	EXP 	Fixation1: autoDraw = False
25.3083 	DATA 	Mouse: Left button down, pos=(1120,217)
25.3106 	EXP 	New trial (rep=0, index=6): {'images': 'Task samples\\相同颜色及位置2.png'}
25.3459 	EXP 	Fixation1: autoDraw = False
25.3459 	EXP 	Trial1: autoDraw = False
25.3459 	EXP 	Trial1: image = 'Task samples\\相同颜色及位置2.png'
25.3459 	EXP 	Fixation1: autoDraw = True
25.4316 	DATA 	Mouse:  Left button up, pos=(1120,218)
26.3507 	EXP 	Trial1: autoDraw = True
26.3682 	EXP 	Fixation1: autoDraw = False
34.3365 	EXP 	New trial (rep=0, index=7): {'images': 'Task samples\\相同颜色及位置4.png'}
34.3718 	EXP 	Trial1: autoDraw = False
34.3718 	EXP 	Fixation1: autoDraw = False
34.3718 	EXP 	Trial1: autoDraw = False
34.3718 	EXP 	Trial1: image = 'Task samples\\相同颜色及位置4.png'
34.3718 	EXP 	Fixation1: autoDraw = True
35.3767 	EXP 	Trial1: autoDraw = True
35.3934 	EXP 	Fixation1: autoDraw = False
37.2786 	DATA 	Mouse: Left button down, pos=(758,217)
37.2809 	EXP 	New trial (rep=0, index=8): {'images': 'Task samples\\相同颜色及位置10.png'}
37.3168 	EXP 	Fixation1: autoDraw = False
37.3168 	EXP 	Trial1: autoDraw = False
37.3168 	EXP 	Trial1: image = 'Task samples\\相同颜色及位置10.png'
37.3168 	EXP 	Fixation1: autoDraw = True
37.4021 	DATA 	Mouse:  Left button up, pos=(758,217)
38.3210 	EXP 	Trial1: autoDraw = True
38.3384 	EXP 	Fixation1: autoDraw = False
39.4292 	DATA 	Mouse: Left button down, pos=(757,213)
39.4317 	EXP 	New trial (rep=0, index=9): {'images': 'Task samples\\相同颜色及位置6.png'}
39.4665 	EXP 	Fixation1: autoDraw = False
39.4665 	EXP 	Trial1: autoDraw = False
39.4665 	EXP 	Trial1: image = 'Task samples\\相同颜色及位置6.png'
39.4665 	EXP 	Fixation1: autoDraw = True
39.6196 	DATA 	Mouse:  Left button up, pos=(757,213)
40.4546 	EXP 	Trial1: autoDraw = True
40.4715 	EXP 	Fixation1: autoDraw = False
43.8692 	DATA 	Mouse: Left button down, pos=(761,210)
43.8857 	EXP 	Fixation1: autoDraw = False
43.8857 	EXP 	Trial1: autoDraw = False
43.9463 	EXP 	window1: mouseVisible = True
