1.1762 	WARNING 	We strongly recommend you activate the PTB sound engine in PsychoPy prefs as the preferred audio engine. Its timing is vastly superior. Your prefs are currently set to use ['sounddevice', 'PTB', 'pyo', 'pygame'] (in that order).
5.1669 	WARNING 	User requested fullscreen with size [1536  864], but screen is actually [1920, 1080]. Using actual size
6.2699 	EXP 	Created window1 = Window(allowGUI=False, allowStencil=False, autoLog=True, backendConf=UNKNOWN, bitsMode=UNKNOWN, blendMode='avg', bpc=(8, 8, 8), color=array([0, 0, 0]), colorSpace='rgb', depthBits=8, fullscr=<method-wrapper '__getattribute__' of attributeSetter object at 0x000001AD475C7F28>, gamma=None, gammaErrorPolicy='raise', lms=UNKNOWN, monitor=<psychopy.monitors.calibTools.Monitor object at 0x000001AD474E5EF0>, multiSample=False, name='window1', numSamples=2, pos=[0.0, 0.0], screen=0, size=array([1920, 1080]), stencilBits=0, stereo=False, units='height', useFBO=True, useRetina=False, viewOri=0.0, viewPos=None, viewScale=None, waitBlanking=True, winType='pyglet')
6.2706 	EXP 	window1: mouseVisible = True
6.2706 	EXP 	window1: recordFrameIntervals = False
6.4352 	EXP 	window1: recordFrameIntervals = True
6.6181 	EXP 	window1: recordFrameIntervals = False
6.9306 	EXP 	Created Cue = ImageStim(__class__=<class 'psychopy.visual.image.ImageStim'>, autoLog=True, color=array([1., 1., 1.]), colorSpace='rgb', contrast=1.0, depth=0.0, flipHoriz=False, flipVert=False, image='Task samples/cue.png', interpolate=True, mask=None, maskParams=None, name='Cue', opacity=1, ori=0.0, pos=array([0., 0.]), size=array([0.8, 0.7]), texRes=128.0, units='height', win=Window(...))
7.0015 	EXP 	Created instructions = TextStim(__class__=<class 'psychopy.visual.text.TextStim'>, alignHoriz=method-wrapper(...), alignText='center', alignVert=method-wrapper(...), anchorHoriz='center', anchorVert='center', antialias=True, autoLog=True, bold=False, color=array([1., 1., 1.]), colorSpace='rgb', contrast=1.0, depth=-1.0, flipHoriz=False, flipVert=False, font='Open Sans', fontFiles=[], height=0.07, italic=False, languageStyle='LTR', name='instructions', opacity=1, ori=0.0, pos=array([0., 0.]), rgb=UNKNOWN, text=str(...), units='height', win=Window(...), wrapWidth=1)
7.0669 	EXP 	Created Fixation1 = ImageStim(__class__=<class 'psychopy.visual.image.ImageStim'>, autoLog=True, color=array([1., 1., 1.]), colorSpace='rgb', contrast=1.0, depth=0.0, flipHoriz=False, flipVert=False, image='Task samples/Fixation.png', interpolate=True, mask=None, maskParams=None, name='Fixation1', opacity=1, ori=0.0, pos=array([0., 0.]), size=array([0.8, 0.7]), texRes=128.0, units='height', win=Window(...))
7.0688 	EXP 	Created Trial1 = ImageStim(__class__=<class 'psychopy.visual.image.ImageStim'>, autoLog=True, color=array([1., 1., 1.]), colorSpace='rgb', contrast=1.0, depth=-1.0, flipHoriz=False, flipVert=False, image='sin', interpolate=True, mask=None, maskParams=None, name='Trial1', opacity=1, ori=0.0, pos=array([0., 0.]), size=array([0.8, 0.7]), texRes=128.0, units='height', win=Window(...))
7.0815 	EXP 	window1: mouseVisible = True
7.0835 	EXP 	window1: mouseVisible = True
7.1173 	EXP 	Cue: autoDraw = True
7.7220 	DATA 	Keypress: space
8.0851 	EXP 	instructions: autoDraw = True
8.1185 	EXP 	Cue: autoDraw = False
13.0914 	EXP 	Imported task_conditions.xlsx as conditions, 10 conditions, 3 params
13.0918 	EXP 	Created sequence: random, trialTypes=10, nReps=1, seed=None
13.0920 	EXP 	New trial (rep=0, index=0): {'images': 'Task samples\\相同颜色及位置1.png', 'texts': 11, 'pos': (0, 0.01)}
13.1159 	EXP 	instructions: autoDraw = False
13.1159 	EXP 	Cue: autoDraw = False
13.1159 	EXP 	instructions: autoDraw = False
13.1159 	EXP 	Trial1: image = 'Task samples\\相同颜色及位置1.png'
13.1159 	EXP 	Fixation1: autoDraw = True
14.1020 	EXP 	Trial1: autoDraw = True
14.1161 	EXP 	Fixation1: autoDraw = False
15.8279 	DATA 	Keypress: escape
16.0168 	EXP 	window1: mouseVisible = True
