1.1832 	WARNING 	We strongly recommend you activate the PTB sound engine in PsychoPy prefs as the preferred audio engine. Its timing is vastly superior. Your prefs are currently set to use ['sounddevice', 'PTB', 'pyo', 'pygame'] (in that order).
4.9882 	WARNING 	User requested fullscreen with size [1536  864], but screen is actually [1920, 1080]. Using actual size
5.9598 	EXP 	Created window1 = Window(allowGUI=False, allowStencil=False, autoLog=True, backendConf=UNKNOWN, bitsMode=UNKNOWN, blendMode='avg', bpc=(8, 8, 8), color=array([0, 0, 0]), colorSpace='rgb', depthBits=8, fullscr=<method-wrapper '__getattribute__' of attributeSetter object at 0x00000225CB4ACBA8>, gamma=None, gammaErrorPolicy='raise', lms=UNKNOWN, monitor=<psychopy.monitors.calibTools.Monitor object at 0x00000225CB816E10>, multiSample=False, name='window1', numSamples=2, pos=[0.0, 0.0], screen=0, size=array([1920, 1080]), stencilBits=0, stereo=False, units='height', useFBO=True, useRetina=False, viewOri=0.0, viewPos=None, viewScale=None, waitBlanking=True, winType='pyglet')
5.9600 	EXP 	window1: mouseVisible = True
5.9600 	EXP 	window1: recordFrameIntervals = False
6.1261 	EXP 	window1: recordFrameIntervals = True
6.3097 	EXP 	window1: recordFrameIntervals = False
6.6419 	EXP 	Created Cue = ImageStim(__class__=<class 'psychopy.visual.image.ImageStim'>, autoLog=True, color=array([1., 1., 1.]), colorSpace='rgb', contrast=1.0, depth=0.0, flipHoriz=False, flipVert=False, image='Task samples/cue.png', interpolate=True, mask=None, maskParams=None, name='Cue', opacity=1, ori=0.0, pos=array([0., 0.]), size=array([0.5, 0.5]), texRes=128.0, units='height', win=Window(...))
6.7094 	EXP 	Created Fixation1 = ImageStim(__class__=<class 'psychopy.visual.image.ImageStim'>, autoLog=True, color=array([1., 1., 1.]), colorSpace='rgb', contrast=1.0, depth=0.0, flipHoriz=False, flipVert=False, image='Task samples/Fixation.png', interpolate=True, mask=None, maskParams=None, name='Fixation1', opacity=1, ori=0.0, pos=array([0., 0.]), size=array([0.6, 0.6]), texRes=128.0, units='height', win=Window(...))
6.7115 	EXP 	Created Trial1 = ImageStim(__class__=<class 'psychopy.visual.image.ImageStim'>, autoLog=True, color=array([1., 1., 1.]), colorSpace='rgb', contrast=1.0, depth=-1.0, flipHoriz=False, flipVert=False, image='sin', interpolate=True, mask=None, maskParams=None, name='Trial1', opacity=1, ori=0.0, pos=array([0., 0.]), size=array([0.6, 0.6]), texRes=128.0, units='height', win=Window(...))
6.7249 	EXP 	window1: mouseVisible = True
6.7271 	EXP 	window1: mouseVisible = True
6.7631 	EXP 	Cue: autoDraw = True
7.7454 	EXP 	Imported task_conditions.xlsx as conditions, 10 conditions, 3 params
7.7457 	EXP 	Created sequence: random, trialTypes=10, nReps=1, seed=None
7.7459 	EXP 	New trial (rep=0, index=0): {'images': 'Task samples\\相同颜色及位置3.png', 'texts': 'ddd', 'pos': (0, 0.03)}
7.7702 	EXP 	Cue: autoDraw = False
7.7702 	EXP 	Trial1: image = 'Task samples\\相同颜色及位置3.png'
7.7702 	EXP 	Fixation1: autoDraw = True
8.7709 	EXP 	Fixation1: autoDraw = False
8.7709 	EXP 	Trial1: autoDraw = True
11.7177 	DATA 	Keypress: escape
11.9064 	EXP 	window1: mouseVisible = True
