1.2055 	WARNING 	We strongly recommend you activate the PTB sound engine in PsychoPy prefs as the preferred audio engine. Its timing is vastly superior. Your prefs are currently set to use ['sounddevice', 'PTB', 'pyo', 'pygame'] (in that order).
5.3209 	WARNING 	User requested fullscreen with size [1536  864], but screen is actually [1920, 1080]. Using actual size
6.2802 	EXP 	Created window1 = Window(allowGUI=False, allowStencil=False, autoLog=True, backendConf=UNKNOWN, bitsMode=UNKNOWN, blendMode='avg', bpc=(8, 8, 8), color=array([0, 0, 0]), colorSpace='rgb', depthBits=8, fullscr=<method-wrapper '__getattribute__' of attributeSetter object at 0x0000024BF8E2ACC0>, gamma=None, gammaErrorPolicy='raise', lms=UNKNOWN, monitor=<psychopy.monitors.calibTools.Monitor object at 0x0000024BF8F46E80>, multiSample=False, name='window1', numSamples=2, pos=[0.0, 0.0], screen=0, size=array([1920, 1080]), stencilBits=0, stereo=False, units='height', useFBO=True, useRetina=False, viewOri=0.0, viewPos=None, viewScale=None, waitBlanking=True, winType='pyglet')
6.2804 	EXP 	window1: mouseVisible = True
6.2804 	EXP 	window1: recordFrameIntervals = False
6.4478 	EXP 	window1: recordFrameIntervals = True
6.6302 	EXP 	window1: recordFrameIntervals = False
6.9438 	EXP 	Created Cue = ImageStim(__class__=<class 'psychopy.visual.image.ImageStim'>, autoLog=True, color=array([1., 1., 1.]), colorSpace='rgb', contrast=1.0, depth=0.0, flipHoriz=False, flipVert=False, image='Task samples/cue.png', interpolate=True, mask=None, maskParams=None, name='Cue', opacity=1, ori=0.0, pos=array([0., 0.]), size=array([0.5, 0.5]), texRes=128.0, units='height', win=Window(...))
7.0088 	EXP 	Created Fixation1 = ImageStim(__class__=<class 'psychopy.visual.image.ImageStim'>, autoLog=True, color=array([1., 1., 1.]), colorSpace='rgb', contrast=1.0, depth=0.0, flipHoriz=False, flipVert=False, image='Task samples/Fixation.png', interpolate=True, mask=None, maskParams=None, name='Fixation1', opacity=1, ori=0.0, pos=array([0., 0.]), size=array([0.8, 0.7]), texRes=128.0, units='height', win=Window(...))
7.0128 	EXP 	Created Trial1 = ImageStim(__class__=<class 'psychopy.visual.image.ImageStim'>, autoLog=True, color=array([1., 1., 1.]), colorSpace='rgb', contrast=1.0, depth=-1.0, flipHoriz=False, flipVert=False, image='sin', interpolate=True, mask=None, maskParams=None, name='Trial1', opacity=1, ori=0.0, pos=array([0., 0.]), size=array([0.8, 0.7]), texRes=128.0, units='height', win=Window(...))
7.0278 	EXP 	window1: mouseVisible = True
7.0298 	EXP 	window1: mouseVisible = True
7.0630 	EXP 	Cue: autoDraw = True
8.0469 	EXP 	Imported task_conditions.xlsx as conditions, 10 conditions, 3 params
8.0473 	EXP 	Created sequence: random, trialTypes=10, nReps=1, seed=None
8.0475 	EXP 	New trial (rep=0, index=0): {'images': 'Task samples\\相同颜色及位置6.png', 'texts': 16, 'pos': (0, 0.06)}
8.0721 	EXP 	Cue: autoDraw = False
8.0721 	EXP 	Trial1: image = 'Task samples\\相同颜色及位置6.png'
8.0721 	EXP 	Fixation1: autoDraw = True
9.0729 	EXP 	Fixation1: autoDraw = False
9.0729 	EXP 	Trial1: autoDraw = True
10.6887 	DATA 	Mouse: Left button down, pos=(774,107)
10.6924 	EXP 	New trial (rep=0, index=1): {'images': 'Task samples\\相同颜色及位置1.png', 'texts': 11, 'pos': (0, 0.01)}
10.7273 	EXP 	Fixation1: autoDraw = False
10.7273 	EXP 	Trial1: autoDraw = False
10.7273 	EXP 	Trial1: image = 'Task samples\\相同颜色及位置1.png'
10.7273 	EXP 	Fixation1: autoDraw = True
10.8113 	DATA 	Mouse:  Left button up, pos=(774,107)
11.7311 	EXP 	Trial1: autoDraw = True
11.7478 	EXP 	Fixation1: autoDraw = False
12.6275 	DATA 	Mouse: Left button down, pos=(1162,101)
12.6404 	EXP 	New trial (rep=0, index=2): {'images': 'Task samples\\相同颜色及位置3.png', 'texts': 'ddd', 'pos': (0, 0.03)}
12.6750 	EXP 	Fixation1: autoDraw = False
12.6750 	EXP 	Trial1: autoDraw = False
12.6750 	EXP 	Trial1: image = 'Task samples\\相同颜色及位置3.png'
12.6750 	EXP 	Fixation1: autoDraw = True
12.7770 	DATA 	Mouse:  Left button up, pos=(1162,101)
13.6807 	EXP 	Trial1: autoDraw = True
13.6967 	EXP 	Fixation1: autoDraw = False
15.3347 	DATA 	Mouse: Left button down, pos=(815,100)
15.3374 	EXP 	New trial (rep=0, index=3): {'images': 'Task samples\\相同颜色及位置9.png', 'texts': 19, 'pos': (0, 0.09)}
15.3727 	EXP 	Fixation1: autoDraw = False
15.3727 	EXP 	Trial1: autoDraw = False
15.3727 	EXP 	Trial1: image = 'Task samples\\相同颜色及位置9.png'
15.3727 	EXP 	Fixation1: autoDraw = True
15.5235 	DATA 	Mouse:  Left button up, pos=(815,100)
16.3604 	EXP 	Trial1: autoDraw = True
16.3770 	EXP 	Fixation1: autoDraw = False
17.4273 	DATA 	Mouse: Left button down, pos=(1174,104)
17.4295 	EXP 	New trial (rep=0, index=4): {'images': 'Task samples\\相同颜色及位置7.png', 'texts': 17, 'pos': (0, 0.07)}
17.4654 	EXP 	Fixation1: autoDraw = False
17.4654 	EXP 	Trial1: autoDraw = False
17.4654 	EXP 	Trial1: image = 'Task samples\\相同颜色及位置7.png'
17.4654 	EXP 	Fixation1: autoDraw = True
17.5667 	DATA 	Mouse:  Left button up, pos=(1174,104)
18.4528 	EXP 	Trial1: autoDraw = True
18.4696 	EXP 	Fixation1: autoDraw = False
19.2584 	DATA 	Mouse: Left button down, pos=(779,115)
19.2785 	EXP 	New trial (rep=0, index=5): {'images': 'Task samples\\相同颜色及位置8.png', 'texts': 18, 'pos': (0, 0.08)}
19.3080 	EXP 	Fixation1: autoDraw = False
19.3080 	EXP 	Trial1: autoDraw = False
19.3080 	EXP 	Trial1: image = 'Task samples\\相同颜色及位置8.png'
19.3080 	EXP 	Fixation1: autoDraw = True
19.4106 	DATA 	Mouse:  Left button up, pos=(779,115)
20.3505 	EXP 	Fixation1: autoDraw = False
20.3505 	EXP 	Trial1: autoDraw = True
21.8694 	DATA 	Mouse: Left button down, pos=(1167,111)
21.8720 	EXP 	New trial (rep=0, index=6): {'images': 'Task samples\\相同颜色及位置5.png', 'texts': 15, 'pos': (0, 0.05)}
21.9061 	EXP 	Fixation1: autoDraw = False
21.9061 	EXP 	Trial1: autoDraw = False
21.9061 	EXP 	Trial1: image = 'Task samples\\相同颜色及位置5.png'
21.9061 	EXP 	Fixation1: autoDraw = True
22.0920 	DATA 	Mouse:  Left button up, pos=(1167,111)
22.8945 	EXP 	Trial1: autoDraw = True
22.9111 	EXP 	Fixation1: autoDraw = False
23.4921 	DATA 	Mouse: Left button down, pos=(775,105)
23.5040 	EXP 	New trial (rep=0, index=7): {'images': 'Task samples\\相同颜色及位置2.png', 'texts': 12, 'pos': (0, 0.02)}
23.5334 	EXP 	Fixation1: autoDraw = False
23.5334 	EXP 	Trial1: autoDraw = False
23.5334 	EXP 	Trial1: image = 'Task samples\\相同颜色及位置2.png'
23.5334 	EXP 	Fixation1: autoDraw = True
23.6350 	DATA 	Mouse:  Left button up, pos=(775,105)
24.5375 	EXP 	Trial1: autoDraw = True
24.5542 	EXP 	Fixation1: autoDraw = False
27.1742 	DATA 	Keypress: escape
27.3284 	EXP 	window1: mouseVisible = True
