1.1767 	WARNING 	We strongly recommend you activate the PTB sound engine in PsychoPy prefs as the preferred audio engine. Its timing is vastly superior. Your prefs are currently set to use ['sounddevice', 'PTB', 'pyo', 'pygame'] (in that order).
5.1211 	WARNING 	User requested fullscreen with size [1536  864], but screen is actually [1920, 1080]. Using actual size
6.1290 	EXP 	Created window1 = Window(allowGUI=False, allowStencil=False, autoLog=True, backendConf=UNKNOWN, bitsMode=UNKNOWN, blendMode='avg', bpc=(8, 8, 8), color=array([0, 0, 0]), colorSpace='rgb', depthBits=8, fullscr=<method-wrapper '__getattribute__' of attributeSetter object at 0x0000020C14D05F28>, gamma=None, gammaErrorPolicy='raise', lms=UNKNOWN, monitor=<psychopy.monitors.calibTools.Monitor object at 0x0000020C12D45F28>, multiSample=False, name='window1', numSamples=2, pos=[0.0, 0.0], screen=0, size=array([1920, 1080]), stencilBits=0, stereo=False, units='height', useFBO=True, useRetina=False, viewOri=0.0, viewPos=None, viewScale=None, waitBlanking=True, winType='pyglet')
6.1292 	EXP 	window1: mouseVisible = True
6.1292 	EXP 	window1: recordFrameIntervals = False
6.2953 	EXP 	window1: recordFrameIntervals = True
6.4790 	EXP 	window1: recordFrameIntervals = False
6.7937 	EXP 	Created Cue = ImageStim(__class__=<class 'psychopy.visual.image.ImageStim'>, autoLog=True, color=array([1., 1., 1.]), colorSpace='rgb', contrast=1.0, depth=0.0, flipHoriz=False, flipVert=False, image='Task samples/cue.png', interpolate=True, mask=None, maskParams=None, name='Cue', opacity=1, ori=0.0, pos=array([0., 0.]), size=array([0.8, 0.7]), texRes=128.0, units='height', win=Window(...))
6.8639 	EXP 	Created instructions = TextStim(__class__=<class 'psychopy.visual.text.TextStim'>, alignHoriz=method-wrapper(...), alignText='center', alignVert=method-wrapper(...), anchorHoriz='center', anchorVert='center', antialias=True, autoLog=True, bold=False, color=array([1., 1., 1.]), colorSpace='rgb', contrast=1.0, depth=-1.0, flipHoriz=False, flipVert=False, font='Open Sans', fontFiles=[], height=0.07, italic=False, languageStyle='LTR', name='instructions', opacity=1, ori=0.0, pos=array([0., 0.]), rgb=UNKNOWN, text=str(...), units='height', win=Window(...), wrapWidth=1)
6.9281 	EXP 	Created Fixation1 = ImageStim(__class__=<class 'psychopy.visual.image.ImageStim'>, autoLog=True, color=array([1., 1., 1.]), colorSpace='rgb', contrast=1.0, depth=0.0, flipHoriz=False, flipVert=False, image='Task samples/Fixation.png', interpolate=True, mask=None, maskParams=None, name='Fixation1', opacity=1, ori=0.0, pos=array([0., 0.]), size=array([0.8, 0.7]), texRes=128.0, units='height', win=Window(...))
6.9303 	EXP 	Created Trial1 = ImageStim(__class__=<class 'psychopy.visual.image.ImageStim'>, autoLog=True, color=array([1., 1., 1.]), colorSpace='rgb', contrast=1.0, depth=-1.0, flipHoriz=False, flipVert=False, image='sin', interpolate=True, mask=None, maskParams=None, name='Trial1', opacity=1, ori=0.0, pos=array([0., 0.]), size=array([0.8, 0.7]), texRes=128.0, units='height', win=Window(...))
6.9426 	EXP 	window1: mouseVisible = True
6.9448 	EXP 	window1: mouseVisible = True
6.9953 	EXP 	Cue: autoDraw = True
7.9460 	EXP 	instructions: autoDraw = True
7.9967 	EXP 	Cue: autoDraw = False
13.9522 	EXP 	Imported task_conditions.xlsx as conditions, 10 conditions, 3 params
13.9525 	EXP 	Created sequence: random, trialTypes=10, nReps=1, seed=None
13.9527 	EXP 	New trial (rep=0, index=0): {'images': 'Task samples\\相同颜色及位置2.png', 'texts': 12, 'pos': (0, 0.02)}
13.9764 	EXP 	instructions: autoDraw = False
13.9764 	EXP 	Cue: autoDraw = False
13.9764 	EXP 	instructions: autoDraw = False
13.9764 	EXP 	Trial1: image = 'Task samples\\相同颜色及位置2.png'
13.9764 	EXP 	Fixation1: autoDraw = True
14.9628 	EXP 	Trial1: autoDraw = True
14.9796 	EXP 	Fixation1: autoDraw = False
19.8124 	DATA 	Mouse: Left button down, pos=(1186,98)
19.8153 	EXP 	New trial (rep=0, index=1): {'images': 'Task samples\\相同颜色及位置7.png', 'texts': 17, 'pos': (0, 0.07)}
19.8507 	EXP 	Fixation1: autoDraw = False
19.8507 	EXP 	Trial1: autoDraw = False
19.8507 	EXP 	Trial1: image = 'Task samples\\相同颜色及位置7.png'
19.8507 	EXP 	Fixation1: autoDraw = True
19.9351 	DATA 	Mouse:  Left button up, pos=(1186,98)
20.8381 	EXP 	Trial1: autoDraw = True
20.8549 	EXP 	Fixation1: autoDraw = False
23.8358 	DATA 	Mouse: Left button down, pos=(757,106)
23.8383 	EXP 	New trial (rep=0, index=2): {'images': 'Task samples\\相同颜色及位置10.png', 'texts': 20, 'pos': (0, 0.1)}
23.8571 	EXP 	Fixation1: autoDraw = False
23.8571 	EXP 	Trial1: autoDraw = False
23.8571 	EXP 	Trial1: image = 'Task samples\\相同颜色及位置10.png'
23.8571 	EXP 	Fixation1: autoDraw = True
24.0101 	DATA 	Mouse:  Left button up, pos=(757,106)
24.8574 	EXP 	Trial1: autoDraw = True
24.8742 	EXP 	Fixation1: autoDraw = False
27.1567 	DATA 	Mouse: Left button down, pos=(1135,106)
27.1593 	EXP 	New trial (rep=0, index=3): {'images': 'Task samples\\相同颜色及位置6.png', 'texts': 16, 'pos': (0, 0.06)}
27.1918 	EXP 	Fixation1: autoDraw = False
27.1918 	EXP 	Trial1: autoDraw = False
27.1918 	EXP 	Trial1: image = 'Task samples\\相同颜色及位置6.png'
27.1918 	EXP 	Fixation1: autoDraw = True
27.3603 	DATA 	Mouse:  Left button up, pos=(1135,106)
28.1961 	EXP 	Trial1: autoDraw = True
28.2127 	EXP 	Fixation1: autoDraw = False
30.3143 	DATA 	Mouse: Left button down, pos=(1132,103)
30.3309 	EXP 	New trial (rep=0, index=4): {'images': 'Task samples\\相同颜色及位置4.png', 'texts': 14, 'pos': (0, 0.04)}
30.3637 	EXP 	Fixation1: autoDraw = False
30.3637 	EXP 	Trial1: autoDraw = False
30.3637 	EXP 	Trial1: image = 'Task samples\\相同颜色及位置4.png'
30.3637 	EXP 	Fixation1: autoDraw = True
30.4990 	DATA 	Mouse:  Left button up, pos=(1132,103)
31.3686 	EXP 	Trial1: autoDraw = True
31.3859 	EXP 	Fixation1: autoDraw = False
34.7009 	DATA 	Mouse: Left button down, pos=(787,98)
34.7174 	EXP 	New trial (rep=0, index=5): {'images': 'Task samples\\相同颜色及位置1.png', 'texts': 11, 'pos': (0, 0.01)}
34.7501 	EXP 	Fixation1: autoDraw = False
34.7501 	EXP 	Trial1: autoDraw = False
34.7501 	EXP 	Trial1: image = 'Task samples\\相同颜色及位置1.png'
34.7501 	EXP 	Fixation1: autoDraw = True
34.9026 	DATA 	Mouse:  Left button up, pos=(787,98)
35.7552 	EXP 	Trial1: autoDraw = True
35.7725 	EXP 	Fixation1: autoDraw = False
39.8968 	DATA 	Mouse: Left button down, pos=(765,92)
39.8995 	EXP 	New trial (rep=0, index=6): {'images': 'Task samples\\相同颜色及位置5.png', 'texts': 15, 'pos': (0, 0.05)}
39.9343 	EXP 	Fixation1: autoDraw = False
39.9343 	EXP 	Trial1: autoDraw = False
39.9343 	EXP 	Trial1: image = 'Task samples\\相同颜色及位置5.png'
39.9343 	EXP 	Fixation1: autoDraw = True
40.0701 	DATA 	Mouse:  Left button up, pos=(765,92)
40.9224 	EXP 	Trial1: autoDraw = True
40.9392 	EXP 	Fixation1: autoDraw = False
43.6823 	DATA 	Mouse: Left button down, pos=(769,91)
43.6851 	EXP 	New trial (rep=0, index=7): {'images': 'Task samples\\相同颜色及位置8.png', 'texts': 18, 'pos': (0, 0.08)}
43.7193 	EXP 	Fixation1: autoDraw = False
43.7193 	EXP 	Trial1: autoDraw = False
43.7193 	EXP 	Trial1: image = 'Task samples\\相同颜色及位置8.png'
43.7193 	EXP 	Fixation1: autoDraw = True
43.8380 	DATA 	Mouse:  Left button up, pos=(769,91)
44.7076 	EXP 	Trial1: autoDraw = True
44.7243 	EXP 	Fixation1: autoDraw = False
48.1188 	DATA 	Mouse: Left button down, pos=(1162,104)
48.1252 	EXP 	New trial (rep=0, index=8): {'images': 'Task samples\\相同颜色及位置9.png', 'texts': 19, 'pos': (0, 0.09)}
48.1568 	EXP 	Fixation1: autoDraw = False
48.1568 	EXP 	Trial1: autoDraw = False
48.1568 	EXP 	Trial1: image = 'Task samples\\相同颜色及位置9.png'
48.1568 	EXP 	Fixation1: autoDraw = True
48.2588 	DATA 	Mouse:  Left button up, pos=(1162,104)
49.1410 	EXP 	Trial1: autoDraw = True
49.1569 	EXP 	Fixation1: autoDraw = False
52.3743 	DATA 	Mouse: Left button down, pos=(730,81)
52.4463 	DATA 	Mouse:  Left button up, pos=(730,81)
52.7292 	DATA 	Mouse: Left button down, pos=(734,96)
52.7323 	EXP 	New trial (rep=0, index=9): {'images': 'Task samples\\相同颜色及位置3.png', 'texts': 'ddd', 'pos': (0, 0.03)}
52.7671 	EXP 	Fixation1: autoDraw = False
52.7671 	EXP 	Trial1: autoDraw = False
52.7671 	EXP 	Trial1: image = 'Task samples\\相同颜色及位置3.png'
52.7671 	EXP 	Fixation1: autoDraw = True
52.8848 	DATA 	Mouse:  Left button up, pos=(734,96)
53.7714 	EXP 	Trial1: autoDraw = True
53.7881 	EXP 	Fixation1: autoDraw = False
59.7279 	DATA 	Mouse: Left button down, pos=(763,96)
59.7444 	EXP 	Fixation1: autoDraw = False
59.7444 	EXP 	Trial1: autoDraw = False
59.8000 	EXP 	window1: mouseVisible = True
