1.1838 	WARNING 	We strongly recommend you activate the PTB sound engine in PsychoPy prefs as the preferred audio engine. Its timing is vastly superior. Your prefs are currently set to use ['sounddevice', 'PTB', 'pyo', 'pygame'] (in that order).
5.3793 	WARNING 	User requested fullscreen with size [1024  768], but screen is actually [1920, 1080]. Using actual size
6.3912 	EXP 	Created window1 = Window(allowGUI=False, allowStencil=False, autoLog=True, backendConf=UNKNOWN, bitsMode=UNKNOWN, blendMode='avg', bpc=(8, 8, 8), color=array([0, 0, 0]), colorSpace='rgb', depthBits=8, fullscr=<method-wrapper '__getattribute__' of attributeSetter object at 0x000001B5B742F400>, gamma=None, gammaErrorPolicy='raise', lms=UNKNOWN, monitor=<psychopy.monitors.calibTools.Monitor object at 0x000001B5B7345AC8>, multiSample=False, name='window1', numSamples=2, pos=[0.0, 0.0], screen=0, size=array([1920, 1080]), stencilBits=0, stereo=False, units='height', useFBO=True, useRetina=False, viewOri=0.0, viewPos=None, viewScale=None, waitBlanking=True, winType='pyglet')
6.3914 	EXP 	window1: mouseVisible = True
6.3914 	EXP 	window1: recordFrameIntervals = False
6.5551 	EXP 	window1: recordFrameIntervals = True
6.7387 	EXP 	window1: recordFrameIntervals = False
6.9988 	EXP 	Created text = TextStim(__class__=<class 'psychopy.visual.text.TextStim'>, alignHoriz=method-wrapper(...), alignText='center', alignVert=method-wrapper(...), anchorHoriz='center', anchorVert='center', antialias=True, autoLog=True, bold=False, color=array([1., 1., 1.]), colorSpace='rgb', contrast=1.0, depth=0.0, flipHoriz=False, flipVert=False, font='Open Sans', fontFiles=[], height=0.1, italic=False, languageStyle='LTR', name='text', opacity=1, ori=0.0, pos=array([0., 0.]), rgb=UNKNOWN, text='', units='height', win=Window(...), wrapWidth=1)
7.0133 	EXP 	Imported D:/程序设计/2021/task_conditions.xlsx as conditions, 10 conditions, 3 params
7.0136 	EXP 	Created sequence: sequential, trialTypes=10, nReps=1, seed=None
7.0138 	EXP 	New trial (rep=0, index=0): {'images': 'Task samples\\相同颜色及位置1.png', 'texts': 11, 'pos': (0, 0.01)}
7.0881 	EXP 	text: pos = array([0.  , 0.01])
7.0881 	EXP 	text: text = 11
7.0881 	EXP 	text: autoDraw = True
8.0086 	EXP 	New trial (rep=0, index=1): {'images': 'Task samples\\相同颜色及位置2.png', 'texts': 12, 'pos': (0, 0.02)}
8.0272 	EXP 	text: autoDraw = False
8.0272 	EXP 	text: pos = array([0.  , 0.02])
8.0272 	EXP 	text: text = 12
8.0272 	EXP 	text: autoDraw = True
9.0119 	EXP 	New trial (rep=0, index=2): {'images': 'Task samples\\相同颜色及位置3.png', 'texts': 'ddd', 'pos': (0, 0.03)}
9.0276 	EXP 	text: autoDraw = False
9.0276 	EXP 	text: pos = array([0.  , 0.03])
9.0276 	EXP 	text: text = 'ddd'
9.0276 	EXP 	text: autoDraw = True
9.4473 	DATA 	Keypress: escape
9.5840 	EXP 	window1: mouseVisible = True
