1.1759 	WARNING 	We strongly recommend you activate the PTB sound engine in PsychoPy prefs as the preferred audio engine. Its timing is vastly superior. Your prefs are currently set to use ['sounddevice', 'PTB', 'pyo', 'pygame'] (in that order).
4.5697 	WARNING 	User requested fullscreen with size [1024  768], but screen is actually [1920, 1080]. Using actual size
5.5028 	EXP 	Created window1 = Window(allowGUI=False, allowStencil=False, autoLog=True, backendConf=UNKNOWN, bitsMode=UNKNOWN, blendMode='avg', bpc=(8, 8, 8), color=array([0, 0, 0]), colorSpace='rgb', depthBits=8, fullscr=<method-wrapper '__getattribute__' of attributeSetter object at 0x0000021D7B5A13C8>, gamma=None, gammaErrorPolicy='raise', lms=UNKNOWN, monitor=<psychopy.monitors.calibTools.Monitor object at 0x0000021D7B4BDA90>, multiSample=False, name='window1', numSamples=2, pos=[0.0, 0.0], screen=0, size=array([1920, 1080]), stencilBits=0, stereo=False, units='height', useFBO=True, useRetina=False, viewOri=0.0, viewPos=None, viewScale=None, waitBlanking=True, winType='pyglet')
5.5034 	EXP 	window1: mouseVisible = True
5.5034 	EXP 	window1: recordFrameIntervals = False
5.6695 	EXP 	window1: recordFrameIntervals = True
5.8543 	EXP 	window1: recordFrameIntervals = False
6.1256 	EXP 	Created text = TextStim(__class__=<class 'psychopy.visual.text.TextStim'>, alignHoriz=method-wrapper(...), alignText='center', alignVert=method-wrapper(...), anchorHoriz='center', anchorVert='center', antialias=True, autoLog=True, bold=False, color=array([1., 1., 1.]), colorSpace='rgb', contrast=1.0, depth=0.0, flipHoriz=False, flipVert=False, font='Open Sans', fontFiles=[], height=0.1, italic=False, languageStyle='LTR', name='text', opacity=1, ori=0.0, pos=array([0., 0.]), rgb=UNKNOWN, text='', units='height', win=Window(...), wrapWidth=1)
6.1404 	EXP 	Imported D:/程序设计/2021/task_conditions.xlsx as conditions, 10 conditions, 3 params
6.1407 	EXP 	Created sequence: sequential, trialTypes=10, nReps=1, seed=None
6.1409 	EXP 	New trial (rep=0, index=0): {'images': 'Task samples\\相同颜色及位置1.png', 'texts': 11, 'pos': (0, 0.01)}
6.2076 	EXP 	text: pos = array([0.  , 0.01])
6.2076 	EXP 	text: text = 11
6.2076 	EXP 	text: autoDraw = True
7.1412 	EXP 	New trial (rep=0, index=1): {'images': 'Task samples\\相同颜色及位置2.png', 'texts': 12, 'pos': (0, 0.02)}
7.1574 	EXP 	text: autoDraw = False
7.1574 	EXP 	text: pos = array([0.  , 0.02])
7.1574 	EXP 	text: text = 12
7.1574 	EXP 	text: autoDraw = True
8.1421 	EXP 	New trial (rep=0, index=2): {'images': 'Task samples\\相同颜色及位置3.png', 'texts': 13, 'pos': (0, 0.03)}
8.1589 	EXP 	text: autoDraw = False
8.1589 	EXP 	text: pos = array([0.  , 0.03])
8.1589 	EXP 	text: text = 13
8.1589 	EXP 	text: autoDraw = True
9.1264 	EXP 	New trial (rep=0, index=3): {'images': 'Task samples\\相同颜色及位置4.png', 'texts': 14, 'pos': (0, 0.04)}
9.1426 	EXP 	text: autoDraw = False
9.1426 	EXP 	text: pos = array([0.  , 0.04])
9.1426 	EXP 	text: text = 14
9.1426 	EXP 	text: autoDraw = True
10.1277 	EXP 	New trial (rep=0, index=4): {'images': 'Task samples\\相同颜色及位置5.png', 'texts': 15, 'pos': (0, 0.05)}
10.1444 	EXP 	text: autoDraw = False
10.1444 	EXP 	text: pos = array([0.  , 0.05])
10.1444 	EXP 	text: text = 15
10.1444 	EXP 	text: autoDraw = True
10.5308 	DATA 	Keypress: escape
10.7006 	EXP 	window1: mouseVisible = True
