1.1856 	WARNING 	We strongly recommend you activate the PTB sound engine in PsychoPy prefs as the preferred audio engine. Its timing is vastly superior. Your prefs are currently set to use ['sounddevice', 'PTB', 'pyo', 'pygame'] (in that order).
5.0630 	WARNING 	User requested fullscreen with size [1024  768], but screen is actually [1920, 1080]. Using actual size
5.9978 	EXP 	Created window1 = Window(allowGUI=False, allowStencil=False, autoLog=True, backendConf=UNKNOWN, bitsMode=UNKNOWN, blendMode='avg', bpc=(8, 8, 8), color=array([0, 0, 0]), colorSpace='rgb', depthBits=8, fullscr=<method-wrapper '__getattribute__' of attributeSetter object at 0x0000026B39368400>, gamma=None, gammaErrorPolicy='raise', lms=UNKNOWN, monitor=<psychopy.monitors.calibTools.Monitor object at 0x0000026B3750AAC8>, multiSample=False, name='window1', numSamples=2, pos=[0.0, 0.0], screen=0, size=array([1920, 1080]), stencilBits=0, stereo=False, units='height', useFBO=True, useRetina=False, viewOri=0.0, viewPos=None, viewScale=None, waitBlanking=True, winType='pyglet')
5.9988 	EXP 	window1: mouseVisible = True
5.9988 	EXP 	window1: recordFrameIntervals = False
6.1641 	EXP 	window1: recordFrameIntervals = True
6.3475 	EXP 	window1: recordFrameIntervals = False
6.6490 	EXP 	Created text = TextStim(__class__=<class 'psychopy.visual.text.TextStim'>, alignHoriz=method-wrapper(...), alignText='center', alignVert=method-wrapper(...), anchorHoriz='center', anchorVert='center', antialias=True, autoLog=True, bold=False, color=array([1., 1., 1.]), colorSpace='rgb', contrast=1.0, depth=0.0, flipHoriz=False, flipVert=False, font='Open Sans', fontFiles=[], height=0.1, italic=False, languageStyle='LTR', name='text', opacity=1, ori=0.0, pos=array([0., 0.]), rgb=UNKNOWN, text='', units='height', win=Window(...), wrapWidth=1)
6.6640 	EXP 	Imported D:/程序设计/2021/task_conditions.xlsx as conditions, 10 conditions, 3 params
6.6643 	EXP 	Created sequence: random, trialTypes=10, nReps=5, seed=None
6.6645 	EXP 	New trial (rep=0, index=0): {'images': 'Task samples\\相同颜色及位置8.png', 'texts': 18, 'pos': (1, 9)}
6.8266 	EXP 	text: pos = array([1., 9.])
6.8266 	EXP 	text: text = 18
6.8266 	EXP 	text: autoDraw = True
7.6606 	EXP 	New trial (rep=0, index=1): {'images': 'Task samples\\相同颜色及位置7.png', 'texts': 17, 'pos': (1, 8)}
7.6776 	EXP 	text: autoDraw = False
7.6776 	EXP 	text: pos = array([1., 8.])
7.6776 	EXP 	text: text = 17
7.6776 	EXP 	text: autoDraw = True
8.6614 	EXP 	New trial (rep=0, index=2): {'images': 'Task samples\\相同颜色及位置10.png', 'texts': 20, 'pos': (1, 11)}
8.6778 	EXP 	text: autoDraw = False
8.6778 	EXP 	text: pos = array([ 1., 11.])
8.6778 	EXP 	text: text = 20
8.6778 	EXP 	text: autoDraw = True
9.6644 	EXP 	New trial (rep=0, index=3): {'images': 'Task samples\\相同颜色及位置2.png', 'texts': 12, 'pos': (1, 3)}
9.6788 	EXP 	text: autoDraw = False
9.6788 	EXP 	text: pos = array([1., 3.])
9.6788 	EXP 	text: text = 12
9.6788 	EXP 	text: autoDraw = True
10.6632 	EXP 	New trial (rep=0, index=4): {'images': 'Task samples\\相同颜色及位置4.png', 'texts': 14, 'pos': (1, 5)}
10.6808 	EXP 	text: autoDraw = False
10.6808 	EXP 	text: pos = array([1., 5.])
10.6808 	EXP 	text: text = 14
10.6808 	EXP 	text: autoDraw = True
11.6641 	EXP 	New trial (rep=0, index=5): {'images': 'Task samples\\相同颜色及位置5.png', 'texts': 15, 'pos': (1, 6)}
11.6803 	EXP 	text: autoDraw = False
11.6803 	EXP 	text: pos = array([1., 6.])
11.6803 	EXP 	text: text = 15
11.6803 	EXP 	text: autoDraw = True
12.3338 	DATA 	Keypress: escape
12.4724 	EXP 	window1: mouseVisible = True
