1.2167 	WARNING 	We strongly recommend you activate the PTB sound engine in PsychoPy prefs as the preferred audio engine. Its timing is vastly superior. Your prefs are currently set to use ['sounddevice', 'PTB', 'pyo', 'pygame'] (in that order).
6.1341 	EXP 	Created window1 = Window(allowGUI=True, allowStencil=False, autoLog=True, backendConf=UNKNOWN, bitsMode=UNKNOWN, blendMode='avg', bpc=(8, 8, 8), color=array([-1, -1, -1]), colorSpace='rgb', depthBits=8, fullscr=<method-wrapper '__getattribute__' of attributeSetter object at 0x0000024E4F3C2828>, gamma=None, gammaErrorPolicy='raise', lms=UNKNOWN, monitor=<psychopy.monitors.calibTools.Monitor object at 0x0000024E4EE983C8>, multiSample=False, name='window1', numSamples=2, pos=[325.0, -55.0], screen=0, size=array([1270, 1190]), stencilBits=0, stereo=False, units='height', useFBO=True, useRetina=False, viewOri=0.0, viewPos=None, viewScale=None, waitBlanking=True, winType='pyglet')
6.1342 	EXP 	window1: mouseVisible = True
6.1342 	EXP 	window1: recordFrameIntervals = False
6.3009 	EXP 	window1: recordFrameIntervals = True
6.5721 	WARNING 	t of last frame was 20.78ms (=1/48)
6.7713 	WARNING 	t of last frame was 36.89ms (=1/27)
7.1855 	EXP 	window1: recordFrameIntervals = False
7.6001 	EXP 	Created text_3 = TextStim(__class__=<class 'psychopy.visual.text.TextStim'>, alignHoriz=method-wrapper(...), alignText='center', alignVert=method-wrapper(...), anchorHoriz='center', anchorVert='center', antialias=True, autoLog=True, bold=False, color=array([1., 1., 1.]), colorSpace='rgb', contrast=1.0, depth=0.0, flipHoriz=False, flipVert=False, font='Open Sans', fontFiles=[], height=0.02, italic=False, languageStyle='LTR', name='text_3', opacity=1, ori=0.0, pos=array([0., 0.]), rgb=UNKNOWN, text='比较三个项目之间是否相等，相等的话按1键，不相等的话按2键\n准备好了按一键开始', units='height', win=Window(...), wrapWidth=1)
7.6027 	EXP 	Created polygon = ShapeStim(__class__=<class 'psychopy.visual.shape.ShapeStim'>, autoDraw=False, autoLog=True, closeShape=True, color=method-wrapper(...), colorSpace='rgb', contrast=None, depth=0.0, fillColor=array([1, 1, 1]), fillColorSpace='rgb', fillRGB=UNKNOWN, interpolate=True, lineColor=array([1., 1., 1.]), lineColorSpace='rgb', lineRGB=UNKNOWN, lineWidth=1.0, name='polygon', opacity=1, ori=0.0, pos=array([0., 0.]), size=array([0.05, 0.05]), units='height', vertices=ndarray(...), win=Window(...), windingRule=None)
7.6054 	EXP 	Created dots = DotStim(__class__=<class 'psychopy.visual.dot.DotStim'>, autoLog=True, coherence=1.0, color=array([1., 1., 1.]), colorSpace='rgb', contrast=1.0, depth=0.0, dir=0.0, dotLife=0.0, dotSize=35.0, element=None, fieldPos=array([0., 0.]), fieldShape='circle', fieldSize=array([0.3, 0.3]), nDots=9, name='dots', noiseDots='direction', opacity=1, rgb=UNKNOWN, signalDots='same', speed=0.0, units='height', win=Window(...))
7.6067 	EXP 	Created equation = TextStim(__class__=<class 'psychopy.visual.text.TextStim'>, alignHoriz=method-wrapper(...), alignText='center', alignVert=method-wrapper(...), anchorHoriz='center', anchorVert='center', antialias=True, autoLog=True, bold=False, color=array([1., 1., 1.]), colorSpace='rgb', contrast=1.0, depth=-1.0, flipHoriz=False, flipVert=False, font='Open Sans', fontFiles=[], height=0.15, italic=False, languageStyle='LTR', name='equation', opacity=1, ori=0.0, pos=array([0., 0.]), rgb=UNKNOWN, text='', units='height', win=Window(...), wrapWidth=1)
7.6076 	EXP 	Created number = TextStim(__class__=<class 'psychopy.visual.text.TextStim'>, alignHoriz=method-wrapper(...), alignText='center', alignVert=method-wrapper(...), anchorHoriz='center', anchorVert='center', antialias=True, autoLog=True, bold=False, color=array([1., 1., 1.]), colorSpace='rgb', contrast=1.0, depth=-2.0, flipHoriz=False, flipVert=False, font='Open Sans', fontFiles=[], height=0.15, italic=False, languageStyle='LTR', name='number', opacity=1, ori=0.0, pos=array([0., 0.]), rgb=UNKNOWN, text='', units='height', win=Window(...), wrapWidth=1)
7.6507 	EXP 	text_3: autoDraw = True
9.8115 	DATA 	Keypress: space
12.9983 	DATA 	Keypress: space
13.7799 	EXP 	Imported trail.xlsx as conditions, 62 conditions, 7 params
13.7803 	EXP 	Created sequence: random, trialTypes=62, nReps=1, seed=None
13.7806 	EXP 	New trial (rep=0, index=0): {'dotN': 4, 'equations': '3+1', 'numbers': 4, 'field_position': (0.3, -0.25), 'pos1': (0, 0.25), 'pos2': (-0.3, -0.25), 'correctR': 1}
13.7844 	DATA 	Keypress: 1
13.7894 	EXP 	text_3: autoDraw = False
13.7894 	EXP 	polygon: autoDraw = True
14.8067 	EXP 	polygon: autoDraw = False
14.8067 	EXP 	dots: pos = array([ 0.3 , -0.25])
14.8067 	EXP 	dots: fieldPos = array([ 0.3 , -0.25])
14.8067 	EXP 	equation: pos = array([0.  , 0.25])
14.8067 	EXP 	equation: text = '3+1'
14.8067 	EXP 	number: pos = array([-0.3 , -0.25])
14.8067 	EXP 	number: text = 4
14.8067 	EXP 	dots: autoDraw = True
14.8067 	EXP 	equation: autoDraw = True
14.8067 	EXP 	number: autoDraw = True
15.6653 	DATA 	Keypress: lwindows
15.6815 	DATA 	Keypress: lshift
16.4889 	DATA 	Keypress: s
18.4173 	DATA 	Keypress: lwindows
18.4507 	DATA 	Keypress: lshift
18.9563 	DATA 	Keypress: s
19.7672 	EXP 	New trial (rep=0, index=1): {'dotN': 5, 'equations': '4+1', 'numbers': 5, 'field_position': (0, 0.25), 'pos1': (0.3, -0.25), 'pos2': (-0.3, -0.25), 'correctR': 1}
19.7809 	EXP 	dots: autoDraw = False
19.7809 	EXP 	equation: autoDraw = False
19.7809 	EXP 	number: autoDraw = False
19.7809 	EXP 	polygon: autoDraw = True
20.7821 	EXP 	polygon: autoDraw = False
20.7821 	EXP 	dots: pos = array([0.  , 0.25])
20.7821 	EXP 	dots: fieldPos = array([0.  , 0.25])
20.7821 	EXP 	equation: pos = array([ 0.3 , -0.25])
20.7821 	EXP 	equation: text = '4+1'
20.7821 	EXP 	number: pos = array([-0.3 , -0.25])
20.7821 	EXP 	number: text = 5
20.7821 	EXP 	dots: autoDraw = True
20.7821 	EXP 	equation: autoDraw = True
20.7821 	EXP 	number: autoDraw = True
25.7701 	EXP 	New trial (rep=0, index=2): {'dotN': 9, 'equations': '5+4', 'numbers': 9, 'field_position': (-0.3, -0.25), 'pos1': (0, 0.25), 'pos2': (0.3, -0.25), 'correctR': 1}
25.7890 	EXP 	dots: autoDraw = False
25.7890 	EXP 	equation: autoDraw = False
25.7890 	EXP 	number: autoDraw = False
25.7890 	EXP 	polygon: autoDraw = True
26.3546 	DATA 	Keypress: lwindows
26.3731 	DATA 	Keypress: lshift
26.7842 	EXP 	polygon: autoDraw = False
26.7842 	EXP 	dots: pos = array([-0.3 , -0.25])
26.7842 	EXP 	dots: fieldPos = array([-0.3 , -0.25])
26.7842 	EXP 	equation: pos = array([0.  , 0.25])
26.7842 	EXP 	equation: text = '5+4'
26.7842 	EXP 	number: pos = array([ 0.3 , -0.25])
26.7842 	EXP 	number: text = 9
26.7842 	EXP 	dots: autoDraw = True
26.7842 	EXP 	equation: autoDraw = True
26.7842 	EXP 	number: autoDraw = True
31.7769 	EXP 	New trial (rep=0, index=3): {'dotN': 5, 'equations': '2+3', 'numbers': 5, 'field_position': (0.3, -0.25), 'pos1': (-0.3, -0.25), 'pos2': (0, 0.25), 'correctR': 1}
31.7935 	EXP 	dots: autoDraw = False
31.7935 	EXP 	equation: autoDraw = False
31.7935 	EXP 	number: autoDraw = False
31.7935 	EXP 	polygon: autoDraw = True
32.7934 	EXP 	polygon: autoDraw = False
32.7934 	EXP 	dots: pos = array([ 0.3 , -0.25])
32.7934 	EXP 	dots: fieldPos = array([ 0.3 , -0.25])
32.7934 	EXP 	equation: pos = array([-0.3 , -0.25])
32.7934 	EXP 	equation: text = '2+3'
32.7934 	EXP 	number: pos = array([0.  , 0.25])
32.7934 	EXP 	number: text = 5
32.7934 	EXP 	dots: autoDraw = True
32.7934 	EXP 	equation: autoDraw = True
32.7934 	EXP 	number: autoDraw = True
37.7664 	EXP 	New trial (rep=0, index=4): {'dotN': 9, 'equations': '8+1', 'numbers': 9, 'field_position': (0.3, -0.25), 'pos1': (-0.3, -0.25), 'pos2': (0, 0.25), 'correctR': 1}
37.7817 	EXP 	dots: autoDraw = False
37.7817 	EXP 	equation: autoDraw = False
37.7817 	EXP 	number: autoDraw = False
37.7817 	EXP 	polygon: autoDraw = True
38.3879 	EXP 	window1: mouseVisible = True
