1.2060 	WARNING 	We strongly recommend you activate the PTB sound engine in PsychoPy prefs as the preferred audio engine. Its timing is vastly superior. Your prefs are currently set to use ['sounddevice', 'PTB', 'pyo', 'pygame'] (in that order).
5.6100 	EXP 	Created window1 = Window(allowGUI=True, allowStencil=False, autoLog=True, backendConf=UNKNOWN, bitsMode=UNKNOWN, blendMode='avg', bpc=(8, 8, 8), color=array([-1, -1, -1]), colorSpace='rgb', depthBits=8, fullscr=<method-wrapper '__getattribute__' of attributeSetter object at 0x0000022380FD6828>, gamma=None, gammaErrorPolicy='raise', lms=UNKNOWN, monitor=<psychopy.monitors.calibTools.Monitor object at 0x00000223FFB7B390>, multiSample=False, name='window1', numSamples=2, pos=[325.0, -55.0], screen=0, size=array([1270, 1190]), stencilBits=0, stereo=False, units='height', useFBO=True, useRetina=False, viewOri=0.0, viewPos=None, viewScale=None, waitBlanking=True, winType='pyglet')
5.6106 	EXP 	window1: mouseVisible = True
5.6106 	EXP 	window1: recordFrameIntervals = False
5.7749 	EXP 	window1: recordFrameIntervals = True
5.9307 	WARNING 	t of last frame was 22.39ms (=1/44)
6.1487 	WARNING 	t of last frame was 21.60ms (=1/46)
6.2892 	WARNING 	t of last frame was 63.43ms (=1/15)
6.3108 	WARNING 	t of last frame was 21.56ms (=1/46)
6.3961 	WARNING 	Multiple dropped frames have occurred - I'll stop bothering you about them!
6.6924 	EXP 	window1: recordFrameIntervals = False
7.0025 	EXP 	Created text_3 = TextStim(__class__=<class 'psychopy.visual.text.TextStim'>, alignHoriz=method-wrapper(...), alignText='center', alignVert=method-wrapper(...), anchorHoriz='center', anchorVert='center', antialias=True, autoLog=True, bold=False, color=array([1., 1., 1.]), colorSpace='rgb', contrast=1.0, depth=0.0, flipHoriz=False, flipVert=False, font='Open Sans', fontFiles=[], height=0.02, italic=False, languageStyle='LTR', name='text_3', opacity=1, ori=0.0, pos=array([0., 0.]), rgb=UNKNOWN, text='比较三个项目之间是否相等，相等的话按1键，不相等的话按2键\n准备好了按一键开始', units='height', win=Window(...), wrapWidth=1)
7.0051 	EXP 	Created polygon = ShapeStim(__class__=<class 'psychopy.visual.shape.ShapeStim'>, autoDraw=False, autoLog=True, closeShape=True, color=method-wrapper(...), colorSpace='rgb', contrast=None, depth=0.0, fillColor=array([1, 1, 1]), fillColorSpace='rgb', fillRGB=UNKNOWN, interpolate=True, lineColor=array([1., 1., 1.]), lineColorSpace='rgb', lineRGB=UNKNOWN, lineWidth=1.0, name='polygon', opacity=1, ori=0.0, pos=array([0., 0.]), size=array([0.05, 0.05]), units='height', vertices=ndarray(...), win=Window(...), windingRule=None)
7.0078 	EXP 	Created dots = DotStim(__class__=<class 'psychopy.visual.dot.DotStim'>, autoLog=True, coherence=1.0, color=array([1., 1., 1.]), colorSpace='rgb', contrast=1.0, depth=0.0, dir=0.0, dotLife=0.0, dotSize=35.0, element=None, fieldPos=array([0., 0.]), fieldShape='circle', fieldSize=array([0.3, 0.3]), nDots=9, name='dots', noiseDots='direction', opacity=1, rgb=UNKNOWN, signalDots='same', speed=0.0, units='height', win=Window(...))
7.0091 	EXP 	Created equation = TextStim(__class__=<class 'psychopy.visual.text.TextStim'>, alignHoriz=method-wrapper(...), alignText='center', alignVert=method-wrapper(...), anchorHoriz='center', anchorVert='center', antialias=True, autoLog=True, bold=False, color=array([1., 1., 1.]), colorSpace='rgb', contrast=1.0, depth=-1.0, flipHoriz=False, flipVert=False, font='Open Sans', fontFiles=[], height=0.15, italic=False, languageStyle='LTR', name='equation', opacity=1, ori=0.0, pos=array([0., 0.]), rgb=UNKNOWN, text='', units='height', win=Window(...), wrapWidth=1)
7.0100 	EXP 	Created number = TextStim(__class__=<class 'psychopy.visual.text.TextStim'>, alignHoriz=method-wrapper(...), alignText='center', alignVert=method-wrapper(...), anchorHoriz='center', anchorVert='center', antialias=True, autoLog=True, bold=False, color=array([1., 1., 1.]), colorSpace='rgb', contrast=1.0, depth=-2.0, flipHoriz=False, flipVert=False, font='Open Sans', fontFiles=[], height=0.15, italic=False, languageStyle='LTR', name='number', opacity=1, ori=0.0, pos=array([0., 0.]), rgb=UNKNOWN, text='', units='height', win=Window(...), wrapWidth=1)
7.0421 	EXP 	text_3: autoDraw = True
17.1762 	DATA 	Mouse: Left button down, pos=(691,622)
17.2911 	DATA 	Mouse:  Left button up, pos=(691,622)
17.8451 	EXP 	Imported trail.xlsx as conditions, 62 conditions, 7 params
17.8456 	EXP 	Created sequence: random, trialTypes=62, nReps=1, seed=None
17.8458 	EXP 	New trial (rep=0, index=0): {'dotN': 9, 'equations': '1+8', 'numbers': 9, 'field_position': (-0.3, -0.25), 'pos1': (0.3, -0.25), 'pos2': (0, 0.25), 'correctR': 1}
17.8505 	DATA 	Keypress: 1
17.8687 	EXP 	text_3: autoDraw = False
17.8687 	EXP 	polygon: autoDraw = True
18.8699 	EXP 	polygon: autoDraw = False
18.8699 	EXP 	dots: pos = array([-0.3 , -0.25])
18.8699 	EXP 	dots: fieldPos = array([-0.3 , -0.25])
18.8699 	EXP 	equation: pos = array([ 0.3 , -0.25])
18.8699 	EXP 	equation: text = '1+8'
18.8699 	EXP 	number: pos = array([0.  , 0.25])
18.8699 	EXP 	number: text = 9
18.8699 	EXP 	dots: autoDraw = True
18.8699 	EXP 	equation: autoDraw = True
18.8699 	EXP 	number: autoDraw = True
23.8274 	EXP 	New trial (rep=0, index=1): {'dotN': 4, 'equations': '2+2', 'numbers': 3, 'field_position': (-0.3, -0.25), 'pos1': (0, 0.25), 'pos2': (0.3, -0.25), 'correctR': 2}
23.8424 	EXP 	dots: autoDraw = False
23.8424 	EXP 	equation: autoDraw = False
23.8424 	EXP 	number: autoDraw = False
23.8424 	EXP 	polygon: autoDraw = True
24.8443 	EXP 	polygon: autoDraw = False
24.8443 	EXP 	dots: pos = array([-0.3 , -0.25])
24.8443 	EXP 	dots: fieldPos = array([-0.3 , -0.25])
24.8443 	EXP 	equation: pos = array([0.  , 0.25])
24.8443 	EXP 	equation: text = '2+2'
24.8443 	EXP 	number: pos = array([ 0.3 , -0.25])
24.8443 	EXP 	number: text = 3
24.8443 	EXP 	dots: autoDraw = True
24.8443 	EXP 	equation: autoDraw = True
24.8443 	EXP 	number: autoDraw = True
29.8326 	EXP 	New trial (rep=0, index=2): {'dotN': 5, 'equations': '4+1', 'numbers': 5, 'field_position': (0, 0.25), 'pos1': (0.3, -0.25), 'pos2': (-0.3, -0.25), 'correctR': 1}
29.8479 	EXP 	dots: autoDraw = False
29.8479 	EXP 	equation: autoDraw = False
29.8479 	EXP 	number: autoDraw = False
29.8479 	EXP 	polygon: autoDraw = True
30.8482 	EXP 	polygon: autoDraw = False
30.8482 	EXP 	dots: pos = array([0.  , 0.25])
30.8482 	EXP 	dots: fieldPos = array([0.  , 0.25])
30.8482 	EXP 	equation: pos = array([ 0.3 , -0.25])
30.8482 	EXP 	equation: text = '4+1'
30.8482 	EXP 	number: pos = array([-0.3 , -0.25])
30.8482 	EXP 	number: text = 5
30.8482 	EXP 	dots: autoDraw = True
30.8482 	EXP 	equation: autoDraw = True
30.8482 	EXP 	number: autoDraw = True
32.7219 	DATA 	Keypress: escape
32.8691 	EXP 	window1: mouseVisible = True
1.2011 	WARNING 	We strongly recommend you activate the PTB sound engine in PsychoPy prefs as the preferred audio engine. Its timing is vastly superior. Your prefs are currently set to use ['sounddevice', 'PTB', 'pyo', 'pygame'] (in that order).
5.5458 	EXP 	Created window1 = Window(allowGUI=True, allowStencil=False, autoLog=True, backendConf=UNKNOWN, bitsMode=UNKNOWN, blendMode='avg', bpc=(8, 8, 8), color=array([-1, -1, -1]), colorSpace='rgb', depthBits=8, fullscr=<method-wrapper '__getattribute__' of attributeSetter object at 0x00000298D12E6828>, gamma=None, gammaErrorPolicy='raise', lms=UNKNOWN, monitor=<psychopy.monitors.calibTools.Monitor object at 0x00000298CFEAB3C8>, multiSample=False, name='window1', numSamples=2, pos=[325.0, -55.0], screen=0, size=array([1270, 1190]), stencilBits=0, stereo=False, units='height', useFBO=True, useRetina=False, viewOri=0.0, viewPos=None, viewScale=None, waitBlanking=True, winType='pyglet')
5.5458 	EXP 	window1: mouseVisible = True
5.5458 	EXP 	window1: recordFrameIntervals = False
5.7110 	EXP 	window1: recordFrameIntervals = True
5.7692 	WARNING 	t of last frame was 42.24ms (=1/23)
5.8914 	WARNING 	t of last frame was 63.59ms (=1/15)
5.9130 	WARNING 	t of last frame was 21.60ms (=1/46)
6.0784 	EXP 	window1: recordFrameIntervals = False
6.3930 	EXP 	Created text_3 = TextStim(__class__=<class 'psychopy.visual.text.TextStim'>, alignHoriz=method-wrapper(...), alignText='center', alignVert=method-wrapper(...), anchorHoriz='center', anchorVert='center', antialias=True, autoLog=True, bold=False, color=array([1., 1., 1.]), colorSpace='rgb', contrast=1.0, depth=0.0, flipHoriz=False, flipVert=False, font='Open Sans', fontFiles=[], height=0.02, italic=False, languageStyle='LTR', name='text_3', opacity=1, ori=0.0, pos=array([0., 0.]), rgb=UNKNOWN, text='比较三个项目之间是否相等，相等的话按1键，不相等的话按2键\n准备好了按一键开始', units='height', win=Window(...), wrapWidth=1)
6.3956 	EXP 	Created polygon = ShapeStim(__class__=<class 'psychopy.visual.shape.ShapeStim'>, autoDraw=False, autoLog=True, closeShape=True, color=method-wrapper(...), colorSpace='rgb', contrast=None, depth=0.0, fillColor=array([1, 1, 1]), fillColorSpace='rgb', fillRGB=UNKNOWN, interpolate=True, lineColor=array([1., 1., 1.]), lineColorSpace='rgb', lineRGB=UNKNOWN, lineWidth=1.0, name='polygon', opacity=1, ori=0.0, pos=array([0., 0.]), size=array([0.05, 0.05]), units='height', vertices=ndarray(...), win=Window(...), windingRule=None)
6.3984 	EXP 	Created dots = DotStim(__class__=<class 'psychopy.visual.dot.DotStim'>, autoLog=True, coherence=1.0, color=array([1., 1., 1.]), colorSpace='rgb', contrast=1.0, depth=0.0, dir=0.0, dotLife=0.0, dotSize=35.0, element=None, fieldPos=array([0., 0.]), fieldShape='circle', fieldSize=array([0.3, 0.3]), nDots=9, name='dots', noiseDots='direction', opacity=1, rgb=UNKNOWN, signalDots='same', speed=0.0, units='height', win=Window(...))
6.3996 	EXP 	Created equation = TextStim(__class__=<class 'psychopy.visual.text.TextStim'>, alignHoriz=method-wrapper(...), alignText='center', alignVert=method-wrapper(...), anchorHoriz='center', anchorVert='center', antialias=True, autoLog=True, bold=False, color=array([1., 1., 1.]), colorSpace='rgb', contrast=1.0, depth=-1.0, flipHoriz=False, flipVert=False, font='Open Sans', fontFiles=[], height=0.15, italic=False, languageStyle='LTR', name='equation', opacity=1, ori=0.0, pos=array([0., 0.]), rgb=UNKNOWN, text='', units='height', win=Window(...), wrapWidth=1)
6.4005 	EXP 	Created number = TextStim(__class__=<class 'psychopy.visual.text.TextStim'>, alignHoriz=method-wrapper(...), alignText='center', alignVert=method-wrapper(...), anchorHoriz='center', anchorVert='center', antialias=True, autoLog=True, bold=False, color=array([1., 1., 1.]), colorSpace='rgb', contrast=1.0, depth=-2.0, flipHoriz=False, flipVert=False, font='Open Sans', fontFiles=[], height=0.15, italic=False, languageStyle='LTR', name='number', opacity=1, ori=0.0, pos=array([0., 0.]), rgb=UNKNOWN, text='', units='height', win=Window(...), wrapWidth=1)
6.4445 	EXP 	text_3: autoDraw = True
7.8044 	EXP 	Imported trail.xlsx as conditions, 62 conditions, 7 params
7.8049 	EXP 	Created sequence: random, trialTypes=62, nReps=1, seed=None
7.8051 	EXP 	New trial (rep=0, index=0): {'dotN': 5, 'equations': '4+1', 'numbers': 5, 'field_position': (0, 0.25), 'pos1': (0.3, -0.25), 'pos2': (-0.3, -0.25), 'correctR': 1}
7.8091 	DATA 	Keypress: 1
7.8299 	EXP 	text_3: autoDraw = False
7.8299 	EXP 	polygon: autoDraw = True
8.8312 	EXP 	polygon: autoDraw = False
8.8312 	EXP 	dots: pos = array([0.  , 0.25])
8.8312 	EXP 	dots: fieldPos = array([0.  , 0.25])
8.8312 	EXP 	equation: pos = array([ 0.3 , -0.25])
8.8312 	EXP 	equation: text = '4+1'
8.8312 	EXP 	number: pos = array([-0.3 , -0.25])
8.8312 	EXP 	number: text = 5
8.8312 	EXP 	dots: autoDraw = True
8.8312 	EXP 	equation: autoDraw = True
8.8312 	EXP 	number: autoDraw = True
10.0378 	DATA 	Keypress: lwindows
10.0721 	DATA 	Keypress: lshift
10.6489 	DATA 	Keypress: s
13.7874 	EXP 	New trial (rep=0, index=1): {'dotN': 5, 'equations': '2+2', 'numbers': 4, 'field_position': (0, 0.25), 'pos1': (-0.3, -0.25), 'pos2': (0.3, -0.25), 'correctR': 2}
13.8061 	EXP 	dots: autoDraw = False
13.8061 	EXP 	equation: autoDraw = False
13.8061 	EXP 	number: autoDraw = False
13.8061 	EXP 	polygon: autoDraw = True
14.8037 	EXP 	polygon: autoDraw = False
14.8037 	EXP 	dots: pos = array([0.  , 0.25])
14.8037 	EXP 	dots: fieldPos = array([0.  , 0.25])
14.8037 	EXP 	equation: pos = array([-0.3 , -0.25])
14.8037 	EXP 	equation: text = '2+2'
14.8037 	EXP 	number: pos = array([ 0.3 , -0.25])
14.8037 	EXP 	number: text = 4
14.8037 	EXP 	dots: autoDraw = True
14.8037 	EXP 	equation: autoDraw = True
14.8037 	EXP 	number: autoDraw = True
19.7936 	EXP 	New trial (rep=0, index=2): {'dotN': 8, 'equations': '5+3', 'numbers': 8, 'field_position': (-0.3, -0.25), 'pos1': (0.3, -0.25), 'pos2': (0, 0.25), 'correctR': 1}
19.8062 	EXP 	dots: autoDraw = False
19.8062 	EXP 	equation: autoDraw = False
19.8062 	EXP 	number: autoDraw = False
19.8062 	EXP 	polygon: autoDraw = True
20.8073 	EXP 	polygon: autoDraw = False
20.8073 	EXP 	dots: pos = array([-0.3 , -0.25])
20.8073 	EXP 	dots: fieldPos = array([-0.3 , -0.25])
20.8073 	EXP 	equation: pos = array([ 0.3 , -0.25])
20.8073 	EXP 	equation: text = '5+3'
20.8073 	EXP 	number: pos = array([0.  , 0.25])
20.8073 	EXP 	number: text = 8
20.8073 	EXP 	dots: autoDraw = True
20.8073 	EXP 	equation: autoDraw = True
20.8073 	EXP 	number: autoDraw = True
21.6499 	DATA 	Mouse: Left button down, pos=(1127,1071)
21.7973 	DATA 	Mouse:  Left button up, pos=(1127,1071)
23.0158 	DATA 	Mouse: Left button down, pos=(1239,1030)
23.5988 	DATA 	Mouse:  Left button up, pos=(1017,994)
25.7956 	EXP 	New trial (rep=0, index=3): {'dotN': 5, 'equations': '2+3', 'numbers': 5, 'field_position': (0.3, -0.25), 'pos1': (-0.3, -0.25), 'pos2': (0, 0.25), 'correctR': 1}
25.8127 	EXP 	dots: autoDraw = False
25.8127 	EXP 	equation: autoDraw = False
25.8127 	EXP 	number: autoDraw = False
25.8127 	EXP 	polygon: autoDraw = True
26.8139 	EXP 	polygon: autoDraw = False
26.8139 	EXP 	dots: pos = array([ 0.3 , -0.25])
26.8139 	EXP 	dots: fieldPos = array([ 0.3 , -0.25])
26.8139 	EXP 	equation: pos = array([-0.3 , -0.25])
26.8139 	EXP 	equation: text = '2+3'
26.8139 	EXP 	number: pos = array([0.  , 0.25])
26.8139 	EXP 	number: text = 5
26.8139 	EXP 	dots: autoDraw = True
26.8139 	EXP 	equation: autoDraw = True
26.8139 	EXP 	number: autoDraw = True
31.8039 	EXP 	New trial (rep=0, index=4): {'dotN': 3, 'equations': '1+2', 'numbers': 3, 'field_position': (-0.3, -0.25), 'pos1': (0, 0.25), 'pos2': (0.3, -0.25), 'correctR': 1}
31.8183 	EXP 	dots: autoDraw = False
31.8183 	EXP 	equation: autoDraw = False
31.8183 	EXP 	number: autoDraw = False
31.8183 	EXP 	polygon: autoDraw = True
32.8017 	EXP 	polygon: autoDraw = False
32.8017 	EXP 	dots: pos = array([-0.3 , -0.25])
32.8017 	EXP 	dots: fieldPos = array([-0.3 , -0.25])
32.8017 	EXP 	equation: pos = array([0.  , 0.25])
32.8017 	EXP 	equation: text = '1+2'
32.8017 	EXP 	number: pos = array([ 0.3 , -0.25])
32.8017 	EXP 	number: text = 3
32.8017 	EXP 	dots: autoDraw = True
32.8017 	EXP 	equation: autoDraw = True
32.8017 	EXP 	number: autoDraw = True
37.7900 	EXP 	New trial (rep=0, index=5): {'dotN': 9, 'equations': '6+3', 'numbers': 9, 'field_position': (0, 0.25), 'pos1': (-0.3, -0.25), 'pos2': (0.3, -0.25), 'correctR': 1}
37.8059 	EXP 	dots: autoDraw = False
37.8059 	EXP 	equation: autoDraw = False
37.8059 	EXP 	number: autoDraw = False
37.8059 	EXP 	polygon: autoDraw = True
38.8072 	EXP 	polygon: autoDraw = False
38.8072 	EXP 	dots: pos = array([0.  , 0.25])
38.8072 	EXP 	dots: fieldPos = array([0.  , 0.25])
38.8072 	EXP 	equation: pos = array([-0.3 , -0.25])
38.8072 	EXP 	equation: text = '6+3'
38.8072 	EXP 	number: pos = array([ 0.3 , -0.25])
38.8072 	EXP 	number: text = 9
38.8072 	EXP 	dots: autoDraw = True
38.8072 	EXP 	equation: autoDraw = True
38.8072 	EXP 	number: autoDraw = True
43.7955 	EXP 	New trial (rep=0, index=6): {'dotN': 7, 'equations': '1+7', 'numbers': 8, 'field_position': (0.3, -0.25), 'pos1': (-0.3, -0.25), 'pos2': (0, 0.25), 'correctR': 2}
43.8113 	EXP 	dots: autoDraw = False
43.8113 	EXP 	equation: autoDraw = False
43.8113 	EXP 	number: autoDraw = False
43.8113 	EXP 	polygon: autoDraw = True
44.8125 	EXP 	polygon: autoDraw = False
44.8125 	EXP 	dots: pos = array([ 0.3 , -0.25])
44.8125 	EXP 	dots: fieldPos = array([ 0.3 , -0.25])
44.8125 	EXP 	equation: pos = array([-0.3 , -0.25])
44.8125 	EXP 	equation: text = '1+7'
44.8125 	EXP 	number: pos = array([0.  , 0.25])
44.8125 	EXP 	number: text = 8
44.8125 	EXP 	dots: autoDraw = True
44.8125 	EXP 	equation: autoDraw = True
44.8125 	EXP 	number: autoDraw = True
49.7920 	EXP 	New trial (rep=0, index=7): {'dotN': 8, 'equations': '3+5', 'numbers': 8, 'field_position': (-0.3, -0.25), 'pos1': (0, 0.25), 'pos2': (0.3, -0.25), 'correctR': 1}
49.8037 	EXP 	dots: autoDraw = False
49.8037 	EXP 	equation: autoDraw = False
49.8037 	EXP 	number: autoDraw = False
49.8037 	EXP 	polygon: autoDraw = True
50.8035 	EXP 	polygon: autoDraw = False
50.8035 	EXP 	dots: pos = array([-0.3 , -0.25])
50.8035 	EXP 	dots: fieldPos = array([-0.3 , -0.25])
50.8035 	EXP 	equation: pos = array([0.  , 0.25])
50.8035 	EXP 	equation: text = '3+5'
50.8035 	EXP 	number: pos = array([ 0.3 , -0.25])
50.8035 	EXP 	number: text = 8
50.8035 	EXP 	dots: autoDraw = True
50.8035 	EXP 	equation: autoDraw = True
50.8035 	EXP 	number: autoDraw = True
55.7940 	EXP 	New trial (rep=0, index=8): {'dotN': 9, 'equations': '7+2', 'numbers': 9, 'field_position': (0.3, -0.25), 'pos1': (0, 0.25), 'pos2': (-0.3, -0.25), 'correctR': 1}
55.8119 	EXP 	dots: autoDraw = False
55.8119 	EXP 	equation: autoDraw = False
55.8119 	EXP 	number: autoDraw = False
55.8119 	EXP 	polygon: autoDraw = True
56.8064 	EXP 	polygon: autoDraw = False
56.8064 	EXP 	dots: pos = array([ 0.3 , -0.25])
56.8064 	EXP 	dots: fieldPos = array([ 0.3 , -0.25])
56.8064 	EXP 	equation: pos = array([0.  , 0.25])
56.8064 	EXP 	equation: text = '7+2'
56.8064 	EXP 	number: pos = array([-0.3 , -0.25])
56.8064 	EXP 	number: text = 9
56.8064 	EXP 	dots: autoDraw = True
56.8064 	EXP 	equation: autoDraw = True
56.8064 	EXP 	number: autoDraw = True
61.8004 	EXP 	New trial (rep=0, index=9): {'dotN': 6, 'equations': '4+2', 'numbers': 6, 'field_position': (0, 0.25), 'pos1': (0.3, -0.25), 'pos2': (-0.3, -0.25), 'correctR': 1}
61.8144 	EXP 	dots: autoDraw = False
61.8144 	EXP 	equation: autoDraw = False
61.8144 	EXP 	number: autoDraw = False
61.8144 	EXP 	polygon: autoDraw = True
62.8135 	EXP 	polygon: autoDraw = False
62.8135 	EXP 	dots: pos = array([0.  , 0.25])
62.8135 	EXP 	dots: fieldPos = array([0.  , 0.25])
62.8135 	EXP 	equation: pos = array([ 0.3 , -0.25])
62.8135 	EXP 	equation: text = '4+2'
62.8135 	EXP 	number: pos = array([-0.3 , -0.25])
62.8135 	EXP 	number: text = 6
62.8135 	EXP 	dots: autoDraw = True
62.8135 	EXP 	equation: autoDraw = True
62.8135 	EXP 	number: autoDraw = True
67.7877 	EXP 	New trial (rep=0, index=10): {'dotN': 7, 'equations': '5+2', 'numbers': 7, 'field_position': (0.3, -0.25), 'pos1': (-0.3, -0.25), 'pos2': (0, 0.25), 'correctR': 1}
67.8045 	EXP 	dots: autoDraw = False
67.8045 	EXP 	equation: autoDraw = False
67.8045 	EXP 	number: autoDraw = False
67.8045 	EXP 	polygon: autoDraw = True
68.8031 	EXP 	polygon: autoDraw = False
68.8031 	EXP 	dots: pos = array([ 0.3 , -0.25])
68.8031 	EXP 	dots: fieldPos = array([ 0.3 , -0.25])
68.8031 	EXP 	equation: pos = array([-0.3 , -0.25])
68.8031 	EXP 	equation: text = '5+2'
68.8031 	EXP 	number: pos = array([0.  , 0.25])
68.8031 	EXP 	number: text = 7
68.8031 	EXP 	dots: autoDraw = True
68.8031 	EXP 	equation: autoDraw = True
68.8031 	EXP 	number: autoDraw = True
73.7908 	EXP 	New trial (rep=0, index=11): {'dotN': 2, 'equations': '1+1', 'numbers': 3, 'field_position': (0.3, -0.25), 'pos1': (0, 0.25), 'pos2': (-0.3, -0.25), 'correctR': 2}
73.8062 	EXP 	dots: autoDraw = False
73.8062 	EXP 	equation: autoDraw = False
73.8062 	EXP 	number: autoDraw = False
73.8062 	EXP 	polygon: autoDraw = True
74.8087 	EXP 	polygon: autoDraw = False
74.8087 	EXP 	dots: pos = array([ 0.3 , -0.25])
74.8087 	EXP 	dots: fieldPos = array([ 0.3 , -0.25])
74.8087 	EXP 	equation: pos = array([0.  , 0.25])
74.8087 	EXP 	equation: text = '1+1'
74.8087 	EXP 	number: pos = array([-0.3 , -0.25])
74.8087 	EXP 	number: text = 3
74.8087 	EXP 	dots: autoDraw = True
74.8087 	EXP 	equation: autoDraw = True
74.8087 	EXP 	number: autoDraw = True
79.7942 	EXP 	New trial (rep=0, index=12): {'dotN': 2, 'equations': '1+1', 'numbers': 2, 'field_position': (0.3, -0.25), 'pos1': (0, 0.25), 'pos2': (-0.3, -0.25), 'correctR': 1}
79.8105 	EXP 	dots: autoDraw = False
79.8105 	EXP 	equation: autoDraw = False
79.8105 	EXP 	number: autoDraw = False
79.8105 	EXP 	polygon: autoDraw = True
80.8122 	EXP 	polygon: autoDraw = False
80.8122 	EXP 	dots: pos = array([ 0.3 , -0.25])
80.8122 	EXP 	dots: fieldPos = array([ 0.3 , -0.25])
80.8122 	EXP 	equation: pos = array([0.  , 0.25])
80.8122 	EXP 	equation: text = '1+1'
80.8122 	EXP 	number: pos = array([-0.3 , -0.25])
80.8122 	EXP 	number: text = 2
80.8122 	EXP 	dots: autoDraw = True
80.8122 	EXP 	equation: autoDraw = True
80.8122 	EXP 	number: autoDraw = True
85.7996 	EXP 	New trial (rep=0, index=13): {'dotN': 9, 'equations': '2+7', 'numbers': 9, 'field_position': (0, 0.25), 'pos1': (-0.3, -0.25), 'pos2': (0.3, -0.25), 'correctR': 1}
85.8156 	EXP 	dots: autoDraw = False
85.8156 	EXP 	equation: autoDraw = False
85.8156 	EXP 	number: autoDraw = False
85.8156 	EXP 	polygon: autoDraw = True
86.8190 	EXP 	polygon: autoDraw = False
86.8190 	EXP 	dots: pos = array([0.  , 0.25])
86.8190 	EXP 	dots: fieldPos = array([0.  , 0.25])
86.8190 	EXP 	equation: pos = array([-0.3 , -0.25])
86.8190 	EXP 	equation: text = '2+7'
86.8190 	EXP 	number: pos = array([ 0.3 , -0.25])
86.8190 	EXP 	number: text = 9
86.8190 	EXP 	dots: autoDraw = True
86.8190 	EXP 	equation: autoDraw = True
86.8190 	EXP 	number: autoDraw = True
91.7907 	EXP 	New trial (rep=0, index=14): {'dotN': 7, 'equations': '2+6', 'numbers': 7, 'field_position': (-0.3, -0.25), 'pos1': (0.3, -0.25), 'pos2': (0, 0.25), 'correctR': 2}
91.8042 	EXP 	dots: autoDraw = False
91.8042 	EXP 	equation: autoDraw = False
91.8042 	EXP 	number: autoDraw = False
91.8042 	EXP 	polygon: autoDraw = True
92.8054 	EXP 	polygon: autoDraw = False
92.8054 	EXP 	dots: pos = array([-0.3 , -0.25])
92.8054 	EXP 	dots: fieldPos = array([-0.3 , -0.25])
92.8054 	EXP 	equation: pos = array([ 0.3 , -0.25])
92.8054 	EXP 	equation: text = '2+6'
92.8054 	EXP 	number: pos = array([0.  , 0.25])
92.8054 	EXP 	number: text = 7
92.8054 	EXP 	dots: autoDraw = True
92.8054 	EXP 	equation: autoDraw = True
92.8054 	EXP 	number: autoDraw = True
97.7947 	EXP 	New trial (rep=0, index=15): {'dotN': 7, 'equations': '2+5', 'numbers': 7, 'field_position': (0, 0.25), 'pos1': (0.3, -0.25), 'pos2': (-0.3, -0.25), 'correctR': 1}
97.8098 	EXP 	dots: autoDraw = False
97.8098 	EXP 	equation: autoDraw = False
97.8098 	EXP 	number: autoDraw = False
97.8098 	EXP 	polygon: autoDraw = True
98.8113 	EXP 	polygon: autoDraw = False
98.8113 	EXP 	dots: pos = array([0.  , 0.25])
98.8113 	EXP 	dots: fieldPos = array([0.  , 0.25])
98.8113 	EXP 	equation: pos = array([ 0.3 , -0.25])
98.8113 	EXP 	equation: text = '2+5'
98.8113 	EXP 	number: pos = array([-0.3 , -0.25])
98.8113 	EXP 	number: text = 7
98.8113 	EXP 	dots: autoDraw = True
98.8113 	EXP 	equation: autoDraw = True
98.8113 	EXP 	number: autoDraw = True
103.8006 	EXP 	New trial (rep=0, index=16): {'dotN': 8, 'equations': '3+6', 'numbers': 9, 'field_position': (0.3, -0.25), 'pos1': (-0.3, -0.25), 'pos2': (0, 0.25), 'correctR': 2}
103.8169 	EXP 	dots: autoDraw = False
103.8169 	EXP 	equation: autoDraw = False
103.8169 	EXP 	number: autoDraw = False
103.8169 	EXP 	polygon: autoDraw = True
104.8164 	EXP 	polygon: autoDraw = False
104.8164 	EXP 	dots: pos = array([ 0.3 , -0.25])
104.8164 	EXP 	dots: fieldPos = array([ 0.3 , -0.25])
104.8164 	EXP 	equation: pos = array([-0.3 , -0.25])
104.8164 	EXP 	equation: text = '3+6'
104.8164 	EXP 	number: pos = array([0.  , 0.25])
104.8164 	EXP 	number: text = 9
104.8164 	EXP 	dots: autoDraw = True
104.8164 	EXP 	equation: autoDraw = True
104.8164 	EXP 	number: autoDraw = True
109.7896 	EXP 	New trial (rep=0, index=17): {'dotN': 9, 'equations': '3+6', 'numbers': 9, 'field_position': (0.3, -0.25), 'pos1': (0, 0.25), 'pos2': (-0.3, -0.25), 'correctR': 1}
109.8052 	EXP 	dots: autoDraw = False
109.8052 	EXP 	equation: autoDraw = False
109.8052 	EXP 	number: autoDraw = False
109.8052 	EXP 	polygon: autoDraw = True
110.8040 	EXP 	polygon: autoDraw = False
110.8040 	EXP 	dots: pos = array([ 0.3 , -0.25])
110.8040 	EXP 	dots: fieldPos = array([ 0.3 , -0.25])
110.8040 	EXP 	equation: pos = array([0.  , 0.25])
110.8040 	EXP 	equation: text = '3+6'
110.8040 	EXP 	number: pos = array([-0.3 , -0.25])
110.8040 	EXP 	number: text = 9
110.8040 	EXP 	dots: autoDraw = True
110.8040 	EXP 	equation: autoDraw = True
110.8040 	EXP 	number: autoDraw = True
115.7923 	EXP 	New trial (rep=0, index=18): {'dotN': 9, 'equations': '2+7', 'numbers': 8, 'field_position': (-0.3, -0.25), 'pos1': (0, 0.25), 'pos2': (0.3, -0.25), 'correctR': 2}
115.8083 	EXP 	dots: autoDraw = False
115.8083 	EXP 	equation: autoDraw = False
115.8083 	EXP 	number: autoDraw = False
115.8083 	EXP 	polygon: autoDraw = True
116.8102 	EXP 	polygon: autoDraw = False
116.8102 	EXP 	dots: pos = array([-0.3 , -0.25])
116.8102 	EXP 	dots: fieldPos = array([-0.3 , -0.25])
116.8102 	EXP 	equation: pos = array([0.  , 0.25])
116.8102 	EXP 	equation: text = '2+7'
116.8102 	EXP 	number: pos = array([ 0.3 , -0.25])
116.8102 	EXP 	number: text = 8
116.8102 	EXP 	dots: autoDraw = True
116.8102 	EXP 	equation: autoDraw = True
116.8102 	EXP 	number: autoDraw = True
121.7987 	EXP 	New trial (rep=0, index=19): {'dotN': 5, 'equations': '1+4', 'numbers': 5, 'field_position': (0.3, -0.25), 'pos1': (-0.3, -0.25), 'pos2': (0, 0.25), 'correctR': 1}
121.8146 	EXP 	dots: autoDraw = False
121.8146 	EXP 	equation: autoDraw = False
121.8146 	EXP 	number: autoDraw = False
121.8146 	EXP 	polygon: autoDraw = True
122.8164 	EXP 	polygon: autoDraw = False
122.8164 	EXP 	dots: pos = array([ 0.3 , -0.25])
122.8164 	EXP 	dots: fieldPos = array([ 0.3 , -0.25])
122.8164 	EXP 	equation: pos = array([-0.3 , -0.25])
122.8164 	EXP 	equation: text = '1+4'
122.8164 	EXP 	number: pos = array([0.  , 0.25])
122.8164 	EXP 	number: text = 5
122.8164 	EXP 	dots: autoDraw = True
122.8164 	EXP 	equation: autoDraw = True
122.8164 	EXP 	number: autoDraw = True
127.7914 	EXP 	New trial (rep=0, index=20): {'dotN': 4, 'equations': '2+1', 'numbers': 4, 'field_position': (0, 0.25), 'pos1': (0.3, -0.25), 'pos2': (-0.3, -0.25), 'correctR': 2}
127.8117 	EXP 	dots: autoDraw = False
127.8117 	EXP 	equation: autoDraw = False
127.8117 	EXP 	number: autoDraw = False
127.8117 	EXP 	polygon: autoDraw = True
128.8073 	EXP 	polygon: autoDraw = False
128.8073 	EXP 	dots: pos = array([0.  , 0.25])
128.8073 	EXP 	dots: fieldPos = array([0.  , 0.25])
128.8073 	EXP 	equation: pos = array([ 0.3 , -0.25])
128.8073 	EXP 	equation: text = '2+1'
128.8073 	EXP 	number: pos = array([-0.3 , -0.25])
128.8073 	EXP 	number: text = 4
128.8073 	EXP 	dots: autoDraw = True
128.8073 	EXP 	equation: autoDraw = True
128.8073 	EXP 	number: autoDraw = True
133.7941 	EXP 	New trial (rep=0, index=21): {'dotN': 5, 'equations': '4+1', 'numbers': 6, 'field_position': (0.3, -0.25), 'pos1': (0, 0.25), 'pos2': (-0.3, -0.25), 'correctR': 2}
133.8107 	EXP 	dots: autoDraw = False
133.8107 	EXP 	equation: autoDraw = False
133.8107 	EXP 	number: autoDraw = False
133.8107 	EXP 	polygon: autoDraw = True
134.8109 	EXP 	polygon: autoDraw = False
134.8109 	EXP 	dots: pos = array([ 0.3 , -0.25])
134.8109 	EXP 	dots: fieldPos = array([ 0.3 , -0.25])
134.8109 	EXP 	equation: pos = array([0.  , 0.25])
134.8109 	EXP 	equation: text = '4+1'
134.8109 	EXP 	number: pos = array([-0.3 , -0.25])
134.8109 	EXP 	number: text = 6
134.8109 	EXP 	dots: autoDraw = True
134.8109 	EXP 	equation: autoDraw = True
134.8109 	EXP 	number: autoDraw = True
139.7974 	EXP 	New trial (rep=0, index=22): {'dotN': 7, 'equations': '4+3', 'numbers': 7, 'field_position': (0, 0.25), 'pos1': (-0.3, -0.25), 'pos2': (0.3, -0.25), 'correctR': 1}
139.8133 	EXP 	dots: autoDraw = False
139.8133 	EXP 	equation: autoDraw = False
139.8133 	EXP 	number: autoDraw = False
139.8133 	EXP 	polygon: autoDraw = True
140.8152 	EXP 	polygon: autoDraw = False
140.8152 	EXP 	dots: pos = array([0.  , 0.25])
140.8152 	EXP 	dots: fieldPos = array([0.  , 0.25])
140.8152 	EXP 	equation: pos = array([-0.3 , -0.25])
140.8152 	EXP 	equation: text = '4+3'
140.8152 	EXP 	number: pos = array([ 0.3 , -0.25])
140.8152 	EXP 	number: text = 7
140.8152 	EXP 	dots: autoDraw = True
140.8152 	EXP 	equation: autoDraw = True
140.8152 	EXP 	number: autoDraw = True
145.8028 	EXP 	New trial (rep=0, index=23): {'dotN': 8, 'equations': '5+2', 'numbers': 7, 'field_position': (0, 0.25), 'pos1': (-0.3, -0.25), 'pos2': (0.3, -0.25), 'correctR': 2}
145.8203 	EXP 	dots: autoDraw = False
145.8203 	EXP 	equation: autoDraw = False
145.8203 	EXP 	number: autoDraw = False
145.8203 	EXP 	polygon: autoDraw = True
146.8037 	EXP 	polygon: autoDraw = False
146.8037 	EXP 	dots: pos = array([0.  , 0.25])
146.8037 	EXP 	dots: fieldPos = array([0.  , 0.25])
146.8037 	EXP 	equation: pos = array([-0.3 , -0.25])
146.8037 	EXP 	equation: text = '5+2'
146.8037 	EXP 	number: pos = array([ 0.3 , -0.25])
146.8037 	EXP 	number: text = 7
146.8037 	EXP 	dots: autoDraw = True
146.8037 	EXP 	equation: autoDraw = True
146.8037 	EXP 	number: autoDraw = True
151.7963 	EXP 	New trial (rep=0, index=24): {'dotN': 8, 'equations': '6+2', 'numbers': 8, 'field_position': (0, 0.25), 'pos1': (0.3, -0.25), 'pos2': (-0.3, -0.25), 'correctR': 1}
151.8108 	EXP 	dots: autoDraw = False
151.8108 	EXP 	equation: autoDraw = False
151.8108 	EXP 	number: autoDraw = False
151.8108 	EXP 	polygon: autoDraw = True
152.8095 	EXP 	polygon: autoDraw = False
152.8095 	EXP 	dots: pos = array([0.  , 0.25])
152.8095 	EXP 	dots: fieldPos = array([0.  , 0.25])
152.8095 	EXP 	equation: pos = array([ 0.3 , -0.25])
152.8095 	EXP 	equation: text = '6+2'
152.8095 	EXP 	number: pos = array([-0.3 , -0.25])
152.8095 	EXP 	number: text = 8
152.8095 	EXP 	dots: autoDraw = True
152.8095 	EXP 	equation: autoDraw = True
152.8095 	EXP 	number: autoDraw = True
157.8004 	EXP 	New trial (rep=0, index=25): {'dotN': 7, 'equations': '1+6', 'numbers': 7, 'field_position': (0, 0.25), 'pos1': (-0.3, -0.25), 'pos2': (0.3, -0.25), 'correctR': 1}
157.8149 	EXP 	dots: autoDraw = False
157.8149 	EXP 	equation: autoDraw = False
157.8149 	EXP 	number: autoDraw = False
157.8149 	EXP 	polygon: autoDraw = True
158.8140 	EXP 	polygon: autoDraw = False
158.8140 	EXP 	dots: pos = array([0.  , 0.25])
158.8140 	EXP 	dots: fieldPos = array([0.  , 0.25])
158.8140 	EXP 	equation: pos = array([-0.3 , -0.25])
158.8140 	EXP 	equation: text = '1+6'
158.8140 	EXP 	number: pos = array([ 0.3 , -0.25])
158.8140 	EXP 	number: text = 7
158.8140 	EXP 	dots: autoDraw = True
158.8140 	EXP 	equation: autoDraw = True
158.8140 	EXP 	number: autoDraw = True
163.7868 	EXP 	New trial (rep=0, index=26): {'dotN': 6, 'equations': '3+4', 'numbers': 7, 'field_position': (0.3, -0.25), 'pos1': (-0.3, -0.25), 'pos2': (0, 0.25), 'correctR': 2}
163.8020 	EXP 	dots: autoDraw = False
163.8020 	EXP 	equation: autoDraw = False
163.8020 	EXP 	number: autoDraw = False
163.8020 	EXP 	polygon: autoDraw = True
164.8041 	EXP 	polygon: autoDraw = False
164.8041 	EXP 	dots: pos = array([ 0.3 , -0.25])
164.8041 	EXP 	dots: fieldPos = array([ 0.3 , -0.25])
164.8041 	EXP 	equation: pos = array([-0.3 , -0.25])
164.8041 	EXP 	equation: text = '3+4'
164.8041 	EXP 	number: pos = array([0.  , 0.25])
164.8041 	EXP 	number: text = 7
164.8041 	EXP 	dots: autoDraw = True
164.8041 	EXP 	equation: autoDraw = True
164.8041 	EXP 	number: autoDraw = True
169.7920 	EXP 	New trial (rep=0, index=27): {'dotN': 4, 'equations': '2+1', 'numbers': 3, 'field_position': (0, 0.25), 'pos1': (-0.3, -0.25), 'pos2': (0.3, -0.25), 'correctR': 2}
169.8076 	EXP 	dots: autoDraw = False
169.8076 	EXP 	equation: autoDraw = False
169.8076 	EXP 	number: autoDraw = False
169.8076 	EXP 	polygon: autoDraw = True
170.8079 	EXP 	polygon: autoDraw = False
170.8079 	EXP 	dots: pos = array([0.  , 0.25])
170.8079 	EXP 	dots: fieldPos = array([0.  , 0.25])
170.8079 	EXP 	equation: pos = array([-0.3 , -0.25])
170.8079 	EXP 	equation: text = '2+1'
170.8079 	EXP 	number: pos = array([ 0.3 , -0.25])
170.8079 	EXP 	number: text = 3
170.8079 	EXP 	dots: autoDraw = True
170.8079 	EXP 	equation: autoDraw = True
170.8079 	EXP 	number: autoDraw = True
175.7962 	EXP 	New trial (rep=0, index=28): {'dotN': 8, 'equations': '7+1', 'numbers': 8, 'field_position': (0, 0.25), 'pos1': (0.3, -0.25), 'pos2': (-0.3, -0.25), 'correctR': 1}
175.8139 	EXP 	dots: autoDraw = False
175.8139 	EXP 	equation: autoDraw = False
175.8139 	EXP 	number: autoDraw = False
175.8139 	EXP 	polygon: autoDraw = True
176.8136 	EXP 	polygon: autoDraw = False
176.8136 	EXP 	dots: pos = array([0.  , 0.25])
176.8136 	EXP 	dots: fieldPos = array([0.  , 0.25])
176.8136 	EXP 	equation: pos = array([ 0.3 , -0.25])
176.8136 	EXP 	equation: text = '7+1'
176.8136 	EXP 	number: pos = array([-0.3 , -0.25])
176.8136 	EXP 	number: text = 8
176.8136 	EXP 	dots: autoDraw = True
176.8136 	EXP 	equation: autoDraw = True
176.8136 	EXP 	number: autoDraw = True
181.8028 	EXP 	New trial (rep=0, index=29): {'dotN': 5, 'equations': '4+2', 'numbers': 6, 'field_position': (0.3, -0.25), 'pos1': (-0.3, -0.25), 'pos2': (0, 0.25), 'correctR': 2}
181.8187 	EXP 	dots: autoDraw = False
181.8187 	EXP 	equation: autoDraw = False
181.8187 	EXP 	number: autoDraw = False
181.8187 	EXP 	polygon: autoDraw = True
182.8045 	EXP 	polygon: autoDraw = False
182.8045 	EXP 	dots: pos = array([ 0.3 , -0.25])
182.8045 	EXP 	dots: fieldPos = array([ 0.3 , -0.25])
182.8045 	EXP 	equation: pos = array([-0.3 , -0.25])
182.8045 	EXP 	equation: text = '4+2'
182.8045 	EXP 	number: pos = array([0.  , 0.25])
182.8045 	EXP 	number: text = 6
182.8045 	EXP 	dots: autoDraw = True
182.8045 	EXP 	equation: autoDraw = True
182.8045 	EXP 	number: autoDraw = True
187.7923 	EXP 	New trial (rep=0, index=30): {'dotN': 3, 'equations': '1+1', 'numbers': 3, 'field_position': (0.3, -0.25), 'pos1': (0, 0.25), 'pos2': (-0.3, -0.25), 'correctR': 2}
187.8264 	EXP 	dots: autoDraw = False
187.8264 	EXP 	equation: autoDraw = False
187.8264 	EXP 	number: autoDraw = False
187.8264 	EXP 	polygon: autoDraw = True
188.8091 	EXP 	polygon: autoDraw = False
188.8091 	EXP 	dots: pos = array([ 0.3 , -0.25])
188.8091 	EXP 	dots: fieldPos = array([ 0.3 , -0.25])
188.8091 	EXP 	equation: pos = array([0.  , 0.25])
188.8091 	EXP 	equation: text = '1+1'
188.8091 	EXP 	number: pos = array([-0.3 , -0.25])
188.8091 	EXP 	number: text = 3
188.8091 	EXP 	dots: autoDraw = True
188.8091 	EXP 	equation: autoDraw = True
188.8091 	EXP 	number: autoDraw = True
193.7988 	EXP 	New trial (rep=0, index=31): {'dotN': 4, 'equations': '2+2', 'numbers': 3, 'field_position': (-0.3, -0.25), 'pos1': (0, 0.25), 'pos2': (0.3, -0.25), 'correctR': 2}
193.8118 	EXP 	dots: autoDraw = False
193.8118 	EXP 	equation: autoDraw = False
193.8118 	EXP 	number: autoDraw = False
193.8118 	EXP 	polygon: autoDraw = True
194.8137 	EXP 	polygon: autoDraw = False
194.8137 	EXP 	dots: pos = array([-0.3 , -0.25])
194.8137 	EXP 	dots: fieldPos = array([-0.3 , -0.25])
194.8137 	EXP 	equation: pos = array([0.  , 0.25])
194.8137 	EXP 	equation: text = '2+2'
194.8137 	EXP 	number: pos = array([ 0.3 , -0.25])
194.8137 	EXP 	number: text = 3
194.8137 	EXP 	dots: autoDraw = True
194.8137 	EXP 	equation: autoDraw = True
194.8137 	EXP 	number: autoDraw = True
199.8028 	EXP 	New trial (rep=0, index=32): {'dotN': 6, 'equations': '3+3', 'numbers': 6, 'field_position': (0.3, -0.25), 'pos1': (-0.3, -0.25), 'pos2': (0, 0.25), 'correctR': 1}
199.8214 	EXP 	dots: autoDraw = False
199.8214 	EXP 	equation: autoDraw = False
199.8214 	EXP 	number: autoDraw = False
199.8214 	EXP 	polygon: autoDraw = True
200.8044 	EXP 	polygon: autoDraw = False
200.8044 	EXP 	dots: pos = array([ 0.3 , -0.25])
200.8044 	EXP 	dots: fieldPos = array([ 0.3 , -0.25])
200.8044 	EXP 	equation: pos = array([-0.3 , -0.25])
200.8044 	EXP 	equation: text = '3+3'
200.8044 	EXP 	number: pos = array([0.  , 0.25])
200.8044 	EXP 	number: text = 6
200.8044 	EXP 	dots: autoDraw = True
200.8044 	EXP 	equation: autoDraw = True
200.8044 	EXP 	number: autoDraw = True
205.7918 	EXP 	New trial (rep=0, index=33): {'dotN': 3, 'equations': '2+1', 'numbers': 3, 'field_position': (-0.3, -0.25), 'pos1': (0.3, -0.25), 'pos2': (0, 0.25), 'correctR': 1}
205.8122 	EXP 	dots: autoDraw = False
205.8122 	EXP 	equation: autoDraw = False
205.8122 	EXP 	number: autoDraw = False
205.8122 	EXP 	polygon: autoDraw = True
206.8085 	EXP 	polygon: autoDraw = False
206.8085 	EXP 	dots: pos = array([-0.3 , -0.25])
206.8085 	EXP 	dots: fieldPos = array([-0.3 , -0.25])
206.8085 	EXP 	equation: pos = array([ 0.3 , -0.25])
206.8085 	EXP 	equation: text = '2+1'
206.8085 	EXP 	number: pos = array([0.  , 0.25])
206.8085 	EXP 	number: text = 3
206.8085 	EXP 	dots: autoDraw = True
206.8085 	EXP 	equation: autoDraw = True
206.8085 	EXP 	number: autoDraw = True
211.7970 	EXP 	New trial (rep=0, index=34): {'dotN': 7, 'equations': '3+4', 'numbers': 7, 'field_position': (-0.3, -0.25), 'pos1': (0, 0.25), 'pos2': (0.3, -0.25), 'correctR': 1}
211.8129 	EXP 	dots: autoDraw = False
211.8129 	EXP 	equation: autoDraw = False
211.8129 	EXP 	number: autoDraw = False
211.8129 	EXP 	polygon: autoDraw = True
212.8153 	EXP 	polygon: autoDraw = False
212.8153 	EXP 	dots: pos = array([-0.3 , -0.25])
212.8153 	EXP 	dots: fieldPos = array([-0.3 , -0.25])
212.8153 	EXP 	equation: pos = array([0.  , 0.25])
212.8153 	EXP 	equation: text = '3+4'
212.8153 	EXP 	number: pos = array([ 0.3 , -0.25])
212.8153 	EXP 	number: text = 7
212.8153 	EXP 	dots: autoDraw = True
212.8153 	EXP 	equation: autoDraw = True
212.8153 	EXP 	number: autoDraw = True
217.7871 	EXP 	New trial (rep=0, index=35): {'dotN': 8, 'equations': '3+5', 'numbers': 7, 'field_position': (-0.3, -0.25), 'pos1': (0, 0.25), 'pos2': (0.3, -0.25), 'correctR': 2}
217.8030 	EXP 	dots: autoDraw = False
217.8030 	EXP 	equation: autoDraw = False
217.8030 	EXP 	number: autoDraw = False
217.8030 	EXP 	polygon: autoDraw = True
218.8026 	EXP 	polygon: autoDraw = False
218.8026 	EXP 	dots: pos = array([-0.3 , -0.25])
218.8026 	EXP 	dots: fieldPos = array([-0.3 , -0.25])
218.8026 	EXP 	equation: pos = array([0.  , 0.25])
218.8026 	EXP 	equation: text = '3+5'
218.8026 	EXP 	number: pos = array([ 0.3 , -0.25])
218.8026 	EXP 	number: text = 7
218.8026 	EXP 	dots: autoDraw = True
218.8026 	EXP 	equation: autoDraw = True
218.8026 	EXP 	number: autoDraw = True
223.7923 	EXP 	New trial (rep=0, index=36): {'dotN': 4, 'equations': '1+3', 'numbers': 4, 'field_position': (0.3, -0.25), 'pos1': (0, 0.25), 'pos2': (-0.3, -0.25), 'correctR': 1}
223.8083 	EXP 	dots: autoDraw = False
223.8083 	EXP 	equation: autoDraw = False
223.8083 	EXP 	number: autoDraw = False
223.8083 	EXP 	polygon: autoDraw = True
224.8078 	EXP 	polygon: autoDraw = False
224.8078 	EXP 	dots: pos = array([ 0.3 , -0.25])
224.8078 	EXP 	dots: fieldPos = array([ 0.3 , -0.25])
224.8078 	EXP 	equation: pos = array([0.  , 0.25])
224.8078 	EXP 	equation: text = '1+3'
224.8078 	EXP 	number: pos = array([-0.3 , -0.25])
224.8078 	EXP 	number: text = 4
224.8078 	EXP 	dots: autoDraw = True
224.8078 	EXP 	equation: autoDraw = True
224.8078 	EXP 	number: autoDraw = True
229.7961 	EXP 	New trial (rep=0, index=37): {'dotN': 9, 'equations': '6+2', 'numbers': 8, 'field_position': (0, 0.25), 'pos1': (-0.3, -0.25), 'pos2': (0.3, -0.25), 'correctR': 2}
229.8116 	EXP 	dots: autoDraw = False
229.8116 	EXP 	equation: autoDraw = False
229.8116 	EXP 	number: autoDraw = False
229.8116 	EXP 	polygon: autoDraw = True
230.8126 	EXP 	polygon: autoDraw = False
230.8126 	EXP 	dots: pos = array([0.  , 0.25])
230.8126 	EXP 	dots: fieldPos = array([0.  , 0.25])
230.8126 	EXP 	equation: pos = array([-0.3 , -0.25])
230.8126 	EXP 	equation: text = '6+2'
230.8126 	EXP 	number: pos = array([ 0.3 , -0.25])
230.8126 	EXP 	number: text = 8
230.8126 	EXP 	dots: autoDraw = True
230.8126 	EXP 	equation: autoDraw = True
230.8126 	EXP 	number: autoDraw = True
231.9224 	DATA 	Mouse: Left button down, pos=(42,579)
232.0530 	DATA 	Mouse:  Left button up, pos=(42,579)
235.8029 	EXP 	New trial (rep=0, index=38): {'dotN': 7, 'equations': '6+1', 'numbers': 7, 'field_position': (-0.3, -0.25), 'pos1': (0.3, -0.25), 'pos2': (0, 0.25), 'correctR': 1}
235.8180 	EXP 	dots: autoDraw = False
235.8180 	EXP 	equation: autoDraw = False
235.8180 	EXP 	number: autoDraw = False
235.8180 	EXP 	polygon: autoDraw = True
236.8016 	EXP 	polygon: autoDraw = False
236.8016 	EXP 	dots: pos = array([-0.3 , -0.25])
236.8016 	EXP 	dots: fieldPos = array([-0.3 , -0.25])
236.8016 	EXP 	equation: pos = array([ 0.3 , -0.25])
236.8016 	EXP 	equation: text = '6+1'
236.8016 	EXP 	number: pos = array([0.  , 0.25])
236.8016 	EXP 	number: text = 7
236.8016 	EXP 	dots: autoDraw = True
236.8016 	EXP 	equation: autoDraw = True
236.8016 	EXP 	number: autoDraw = True
238.4712 	DATA 	Mouse: Left button down, pos=(1233,104)
238.6098 	DATA 	Mouse:  Left button up, pos=(1233,104)
240.6614 	DATA 	Mouse: Left button down, pos=(1265,1029)
240.8105 	DATA 	Mouse:  Left button up, pos=(1265,1029)
241.3779 	DATA 	Mouse: Left button down, pos=(1149,1135)
241.7927 	EXP 	New trial (rep=0, index=39): {'dotN': 8, 'equations': '2+6', 'numbers': 8, 'field_position': (-0.3, -0.25), 'pos1': (0, 0.25), 'pos2': (0.3, -0.25), 'correctR': 1}
241.8083 	EXP 	dots: autoDraw = False
241.8083 	EXP 	equation: autoDraw = False
241.8083 	EXP 	number: autoDraw = False
241.8083 	EXP 	polygon: autoDraw = True
241.9921 	DATA 	Mouse:  Left button up, pos=(1154,928)
242.8233 	EXP 	polygon: autoDraw = False
242.8233 	EXP 	dots: pos = array([-0.3 , -0.25])
242.8233 	EXP 	dots: fieldPos = array([-0.3 , -0.25])
242.8233 	EXP 	equation: pos = array([0.  , 0.25])
242.8233 	EXP 	equation: text = '2+6'
242.8233 	EXP 	number: pos = array([ 0.3 , -0.25])
242.8233 	EXP 	number: text = 8
242.8233 	EXP 	dots: autoDraw = True
242.8233 	EXP 	equation: autoDraw = True
242.8233 	EXP 	number: autoDraw = True
247.7961 	EXP 	New trial (rep=0, index=40): {'dotN': 7, 'equations': '2+5', 'numbers': 8, 'field_position': (0.3, -0.25), 'pos1': (0, 0.25), 'pos2': (-0.3, -0.25), 'correctR': 2}
247.8122 	EXP 	dots: autoDraw = False
247.8122 	EXP 	equation: autoDraw = False
247.8122 	EXP 	number: autoDraw = False
247.8122 	EXP 	polygon: autoDraw = True
248.8132 	EXP 	polygon: autoDraw = False
248.8132 	EXP 	dots: pos = array([ 0.3 , -0.25])
248.8132 	EXP 	dots: fieldPos = array([ 0.3 , -0.25])
248.8132 	EXP 	equation: pos = array([0.  , 0.25])
248.8132 	EXP 	equation: text = '2+5'
248.8132 	EXP 	number: pos = array([-0.3 , -0.25])
248.8132 	EXP 	number: text = 8
248.8132 	EXP 	dots: autoDraw = True
248.8132 	EXP 	equation: autoDraw = True
248.8132 	EXP 	number: autoDraw = True
253.7866 	EXP 	New trial (rep=0, index=41): {'dotN': 8, 'equations': '5+4', 'numbers': 8, 'field_position': (-0.3, -0.25), 'pos1': (0.3, -0.25), 'pos2': (0, 0.25), 'correctR': 2}
253.8019 	EXP 	dots: autoDraw = False
253.8019 	EXP 	equation: autoDraw = False
253.8019 	EXP 	number: autoDraw = False
253.8019 	EXP 	polygon: autoDraw = True
254.8015 	EXP 	polygon: autoDraw = False
254.8015 	EXP 	polygon: autoDraw = False
254.8015 	EXP 	dots: pos = array([-0.3 , -0.25])
254.8015 	EXP 	dots: fieldPos = array([-0.3 , -0.25])
254.8015 	EXP 	equation: pos = array([ 0.3 , -0.25])
254.8015 	EXP 	equation: text = '5+4'
254.8015 	EXP 	number: pos = array([0.  , 0.25])
254.8015 	EXP 	number: text = 8
254.8015 	EXP 	dots: autoDraw = True
254.8015 	EXP 	equation: autoDraw = True
254.8015 	EXP 	number: autoDraw = True
259.7915 	EXP 	New trial (rep=0, index=42): {'dotN': 6, 'equations': '2+4', 'numbers': 6, 'field_position': (0, 0.25), 'pos1': (-0.3, -0.25), 'pos2': (0.3, -0.25), 'correctR': 1}
259.8048 	EXP 	dots: autoDraw = False
259.8048 	EXP 	equation: autoDraw = False
259.8048 	EXP 	number: autoDraw = False
259.8048 	EXP 	polygon: autoDraw = True
260.8062 	EXP 	polygon: autoDraw = False
260.8062 	EXP 	dots: pos = array([0.  , 0.25])
260.8062 	EXP 	dots: fieldPos = array([0.  , 0.25])
260.8062 	EXP 	equation: pos = array([-0.3 , -0.25])
260.8062 	EXP 	equation: text = '2+4'
260.8062 	EXP 	number: pos = array([ 0.3 , -0.25])
260.8062 	EXP 	number: text = 6
260.8062 	EXP 	dots: autoDraw = True
260.8062 	EXP 	equation: autoDraw = True
260.8062 	EXP 	number: autoDraw = True
262.4604 	EXP 	window1: mouseVisible = True
