1.1969 	WARNING 	We strongly recommend you activate the PTB sound engine in PsychoPy prefs as the preferred audio engine. Its timing is vastly superior. Your prefs are currently set to use ['sounddevice', 'PTB', 'pyo', 'pygame'] (in that order).
8.3547 	ERROR 	'[-1, -1, -1]' is not a valid rgb color
9.3992 	EXP 	Created window1 = Window(allowGUI=False, allowStencil=False, autoLog=True, backendConf=UNKNOWN, bitsMode=UNKNOWN, blendMode='avg', bpc=(8, 8, 8), color=array([0, 0, 0]), colorSpace='rgb', depthBits=8, fullscr=<method-wrapper '__getattribute__' of attributeSetter object at 0x00000124EC5E5978>, gamma=None, gammaErrorPolicy='raise', lms=UNKNOWN, monitor=<psychopy.monitors.calibTools.Monitor object at 0x00000124EDE9C630>, multiSample=False, name='window1', numSamples=2, pos=[0.0, 0.0], screen=0, size=array([1920, 1080]), stencilBits=0, stereo=False, units='height', useFBO=True, useRetina=False, viewOri=0.0, viewPos=None, viewScale=None, waitBlanking=True, winType='pyglet')
9.3997 	EXP 	window1: mouseVisible = True
9.3997 	EXP 	window1: recordFrameIntervals = False
9.5645 	EXP 	window1: recordFrameIntervals = True
9.7484 	EXP 	window1: recordFrameIntervals = False
9.9994 	DEPRECATION 	'-1.0000, -1.0000, -1.0000' is not a valid rgb color
10.0634 	EXP 	Created fixation = ImageStim(__class__=<class 'psychopy.visual.image.ImageStim'>, autoLog=True, color=array([0., 0., 0.]), colorSpace='rgb', contrast=1.0, depth=0.0, flipHoriz=False, flipVert=False, image='taskSamples/Fixation.png', interpolate=True, mask=None, maskParams=None, name='fixation', opacity=0, ori=0.0, pos=array([0., 0.]), size=array([0.8, 0.7]), texRes=128.0, units='height', win=Window(...))
10.0654 	EXP 	Created image1 = ImageStim(__class__=<class 'psychopy.visual.image.ImageStim'>, autoLog=True, color=array([1., 1., 1.]), colorSpace='rgb', contrast=1.0, depth=0.0, flipHoriz=False, flipVert=False, image='sin', interpolate=True, mask=None, maskParams=None, name='image1', opacity=1, ori=0.0, pos=array([0., 0.]), size=array([0.8, 0.7]), texRes=128.0, units='height', win=Window(...))
10.0673 	EXP 	Created image = ImageStim(__class__=<class 'psychopy.visual.image.ImageStim'>, autoLog=True, color=array([1., 1., 1.]), colorSpace='rgb', contrast=1.0, depth=0.0, flipHoriz=False, flipVert=False, image='sin', interpolate=True, mask=None, maskParams=None, name='image', opacity=1, ori=0.0, pos=array([0., 0.]), size=array([0.8, 0.7]), texRes=128.0, units='height', win=Window(...))
10.0692 	EXP 	Created image_2 = ImageStim(__class__=<class 'psychopy.visual.image.ImageStim'>, autoLog=True, color=array([1., 1., 1.]), colorSpace='rgb', contrast=1.0, depth=0.0, flipHoriz=False, flipVert=False, image='sin', interpolate=True, mask=None, maskParams=None, name='image_2', opacity=1, ori=0.0, pos=array([0., 0.]), size=array([0.8, 0.7]), texRes=128.0, units='height', win=Window(...))
10.0921 	EXP 	Imported trial.xlsx as conditions, 50 conditions, 8 params
10.0924 	EXP 	Created sequence: sequential, trialTypes=50, nReps=1, seed=None
10.0927 	EXP 	New trial (rep=0, index=0): {'trialN': 1, 'images1': 'taskSamples\\A6_1.png', 'duration1': 8, 'images2': None, 'duration2': 0, 'images3': None, 'duration3': 0, 'correctAns': 1}
10.1385 	EXP 	fixation: autoDraw = True
10.8953 	EXP 	fixation: autoDraw = False
10.8953 	EXP 	image1: autoDraw = True
18.9212 	EXP 	New trial (rep=0, index=1): {'trialN': 2, 'images1': 'taskSamples\\A20_2.png', 'duration1': 8, 'images2': None, 'duration2': 0, 'images3': None, 'duration3': 0, 'correctAns': 2}
18.9405 	EXP 	image1: autoDraw = False
18.9405 	EXP 	image1: autoDraw = False
18.9405 	EXP 	image: autoDraw = True
18.9405 	EXP 	image: autoDraw = False
18.9405 	EXP 	image: autoDraw = False
18.9405 	EXP 	image_2: autoDraw = True
18.9405 	EXP 	image_2: autoDraw = False
18.9405 	EXP 	image_2: autoDraw = False
18.9405 	EXP 	fixation: autoDraw = True
19.7447 	EXP 	fixation: autoDraw = False
19.7447 	EXP 	image1: autoDraw = True
27.7663 	EXP 	New trial (rep=0, index=2): {'trialN': 3, 'images1': 'taskSamples\\B17.png', 'duration1': 5, 'images2': None, 'duration2': 0, 'images3': None, 'duration3': 0, 'correctAns': 2}
27.7769 	EXP 	image1: autoDraw = False
27.7769 	EXP 	image1: autoDraw = False
27.7769 	EXP 	image: autoDraw = True
27.7769 	EXP 	image: autoDraw = False
27.7769 	EXP 	image: autoDraw = False
27.7769 	EXP 	image_2: autoDraw = True
27.7769 	EXP 	image_2: autoDraw = False
27.7769 	EXP 	image_2: autoDraw = False
27.7769 	EXP 	fixation: autoDraw = True
28.5982 	EXP 	fixation: autoDraw = False
28.5982 	EXP 	fixation: autoDraw = False
28.5982 	EXP 	image1: autoDraw = True
33.5904 	EXP 	New trial (rep=0, index=3): {'trialN': 4, 'images1': 'taskSamples\\B8.png', 'duration1': 5, 'images2': None, 'duration2': 0, 'images3': None, 'duration3': 0, 'correctAns': 2}
33.5988 	EXP 	image1: autoDraw = False
33.5988 	EXP 	image1: autoDraw = False
33.5988 	EXP 	image: autoDraw = True
33.5988 	EXP 	image: autoDraw = False
33.5988 	EXP 	image: autoDraw = False
33.5988 	EXP 	image_2: autoDraw = True
33.5988 	EXP 	image_2: autoDraw = False
33.5988 	EXP 	image_2: autoDraw = False
33.5988 	EXP 	fixation: autoDraw = True
34.4201 	EXP 	fixation: autoDraw = False
34.4201 	EXP 	fixation: autoDraw = False
34.4201 	EXP 	image1: autoDraw = True
39.4101 	EXP 	New trial (rep=0, index=4): {'trialN': 5, 'images1': 'taskSamples\\C4_Spatial_ADD_1.png', 'duration1': 8, 'images2': 'taskSamples\\C4_Spatial_ADD_2.png', 'duration2': 2, 'images3': 'taskSamples\\C4_Spatial_ADD_3.png', 'duration3': 5, 'correctAns': 1}
39.4201 	EXP 	image1: autoDraw = False
39.4201 	EXP 	image1: autoDraw = False
39.4201 	EXP 	image: autoDraw = True
39.4201 	EXP 	image: autoDraw = False
39.4201 	EXP 	image: autoDraw = False
39.4201 	EXP 	image_2: autoDraw = True
39.4201 	EXP 	image_2: autoDraw = False
39.4201 	EXP 	image_2: autoDraw = False
39.4201 	EXP 	fixation: autoDraw = True
40.2418 	EXP 	fixation: autoDraw = False
40.2418 	EXP 	fixation: autoDraw = False
40.2418 	EXP 	image1: autoDraw = True
48.2823 	EXP 	image1: autoDraw = False
48.2823 	EXP 	image1: autoDraw = False
48.2823 	EXP 	image: autoDraw = True
50.3174 	EXP 	image: autoDraw = False
50.3174 	EXP 	image: autoDraw = False
50.3174 	EXP 	image_2: autoDraw = True
55.3078 	EXP 	New trial (rep=0, index=5): {'trialN': 6, 'images1': 'taskSamples\\C3_Episodic_SUB_1.png', 'duration1': 8, 'images2': 'taskSamples\\C3_Episodic_SUB_2.png', 'duration2': 2, 'images3': 'taskSamples\\C3_Episodic_SUB_3.png', 'duration3': 5, 'correctAns': 1}
55.3219 	EXP 	image_2: autoDraw = False
55.3219 	EXP 	image_2: autoDraw = False
55.3219 	EXP 	fixation: autoDraw = True
56.1436 	EXP 	fixation: autoDraw = False
56.1436 	EXP 	image1: autoDraw = True
58.9060 	DATA 	Keypress: escape
59.4276 	EXP 	window1: mouseVisible = True
